[debug] [2026-03-16T12:59:24.610Z] ----------------------------------------------------------------------
[debug] [2026-03-16T12:59:24.612Z] Command:       C:\Program Files\nodejs\node.exe C:\Users\HP\AppData\Roaming\npm\node_modules\firebase-tools\lib\bin\firebase.js deploy --only firestore:rules
[debug] [2026-03-16T12:59:24.613Z] CLI Version:   15.10.0
[debug] [2026-03-16T12:59:24.613Z] Platform:      win32
[debug] [2026-03-16T12:59:24.613Z] Node Version:  v24.14.0
[debug] [2026-03-16T12:59:24.613Z] Time:          Mon Mar 16 2026 15:59:24 GMT+0300 (East Africa Time)
[debug] [2026-03-16T12:59:24.613Z] ----------------------------------------------------------------------
[debug] 
[error] 
[error] Error: No currently active project.
To run this command, you need to specify a project. You have two options:
- Run this command with --project <alias_or_project_id>.
- Set an active project by running firebase use --add, then rerun this command.
To list all the Firebase projects to which you have access, run firebase projects:list.
To learn about active projects for the CLI, visit https://firebase.google.com/docs/cli#project_aliases


[debug] [2026-03-16T12:59:49.461Z] ----------------------------------------------------------------------
[debug] [2026-03-16T12:59:49.463Z] Command:       C:\Program Files\nodejs\node.exe C:\Users\HP\AppData\Roaming\npm\node_modules\firebase-tools\lib\bin\firebase.js deploy --only firestore:rules --project jobseekafrica
[debug] [2026-03-16T12:59:49.464Z] CLI Version:   15.10.0
[debug] [2026-03-16T12:59:49.464Z] Platform:      win32
[debug] [2026-03-16T12:59:49.464Z] Node Version:  v24.14.0
[debug] [2026-03-16T12:59:49.464Z] Time:          Mon Mar 16 2026 15:59:49 GMT+0300 (East Africa Time)
[debug] [2026-03-16T12:59:49.464Z] ----------------------------------------------------------------------
[debug] 
[debug] [2026-03-16T12:59:50.981Z] > command requires scopes: ["email","openid","https://www.googleapis.com/auth/cloudplatformprojects.readonly","https://www.googleapis.com/auth/firebase","https://www.googleapis.com/auth/cloud-platform"]
[debug] [2026-03-16T12:59:50.982Z] > authorizing via signed-in user (purinekaka70@gmail.com)
[debug] [2026-03-16T12:59:50.982Z] [iam] checking project jobseekafrica for permissions ["datastore.indexes.create","datastore.indexes.delete","datastore.indexes.list","datastore.indexes.update","firebase.projects.get"]
[debug] [2026-03-16T12:59:50.984Z] Checked if tokens are valid: false, expires at: 1773653213670
[debug] [2026-03-16T12:59:50.984Z] Checked if tokens are valid: false, expires at: 1773653213670
[debug] [2026-03-16T12:59:50.985Z] > refreshing access token with scopes: []
[debug] [2026-03-16T12:59:50.988Z] >>> [apiv2][query] POST https://www.googleapis.com/oauth2/v3/token [none]
[debug] [2026-03-16T12:59:50.988Z] >>> [apiv2][body] POST https://www.googleapis.com/oauth2/v3/token [omitted]
[debug] [2026-03-16T12:59:51.537Z] <<< [apiv2][status] POST https://www.googleapis.com/oauth2/v3/token 200
[debug] [2026-03-16T12:59:51.538Z] <<< [apiv2][body] POST https://www.googleapis.com/oauth2/v3/token [omitted]
[debug] [2026-03-16T12:59:51.550Z] >>> [apiv2][query] POST https://cloudresourcemanager.googleapis.com/v1/projects/jobseekafrica:testIamPermissions [none]
[debug] [2026-03-16T12:59:51.550Z] >>> [apiv2][(partial)header] POST https://cloudresourcemanager.googleapis.com/v1/projects/jobseekafrica:testIamPermissions  x-goog-user-project=jobseekafrica
[debug] [2026-03-16T12:59:51.550Z] >>> [apiv2][body] POST https://cloudresourcemanager.googleapis.com/v1/projects/jobseekafrica:testIamPermissions {"permissions":["datastore.indexes.create","datastore.indexes.delete","datastore.indexes.list","datastore.indexes.update","firebase.projects.get"]}
[debug] [2026-03-16T12:59:53.171Z] <<< [apiv2][status] POST https://cloudresourcemanager.googleapis.com/v1/projects/jobseekafrica:testIamPermissions 200
[debug] [2026-03-16T12:59:53.172Z] <<< [apiv2][body] POST https://cloudresourcemanager.googleapis.com/v1/projects/jobseekafrica:testIamPermissions {"permissions":["datastore.indexes.create","datastore.indexes.delete","datastore.indexes.list","datastore.indexes.update","firebase.projects.get"]}
[info] 
[info] === Deploying to 'jobseekafrica'...
[info] 
[info] i  deploying firestore 
[info] i  firestore: ensuring required API firestore.googleapis.com is enabled... 
[info] i  firestore: ensuring required API firestore.googleapis.com is enabled... 
[debug] [2026-03-16T12:59:53.182Z] Checked if tokens are valid: true, expires at: 1773669590538
[debug] [2026-03-16T12:59:53.182Z] Checked if tokens are valid: true, expires at: 1773669590538
[debug] [2026-03-16T12:59:53.183Z] >>> [apiv2][query] GET https://firestore.googleapis.com/v1/projects/jobseekafrica/databases/(default) [none]
[debug] [2026-03-16T12:59:54.746Z] <<< [apiv2][status] GET https://firestore.googleapis.com/v1/projects/jobseekafrica/databases/(default) 200
[debug] [2026-03-16T12:59:54.747Z] <<< [apiv2][body] GET https://firestore.googleapis.com/v1/projects/jobseekafrica/databases/(default) {"name":"projects/jobseekafrica/databases/(default)","uid":"6bbcf887-103d-40ce-b408-43ab8f5752d0","createTime":"2026-03-13T17:07:30.930714Z","updateTime":"2026-03-13T17:07:30.930714Z","locationId":"nam5","type":"FIRESTORE_NATIVE","concurrencyMode":"PESSIMISTIC","versionRetentionPeriod":"3600s","earliestVersionTime":"2026-03-16T11:59:54.258412Z","appEngineIntegrationMode":"DISABLED","keyPrefix":"s","pointInTimeRecoveryEnablement":"POINT_IN_TIME_RECOVERY_DISABLED","deleteProtectionState":"DELETE_PROTECTION_DISABLED","databaseEdition":"STANDARD","freeTier":true,"realtimeUpdatesMode":"REALTIME_UPDATES_MODE_ENABLED","etag":"INLrpty8pJMDMMbcn8yunZMD"}
[info] i  firestore: reading indexes from firestore.indexes.json... 
[info] i  cloud.firestore: checking firestore.rules for compilation errors... 
[debug] [2026-03-16T12:59:54.751Z] Checked if tokens are valid: true, expires at: 1773669590538
[debug] [2026-03-16T12:59:54.751Z] Checked if tokens are valid: true, expires at: 1773669590538
[debug] [2026-03-16T12:59:54.751Z] >>> [apiv2][query] POST https://firebaserules.googleapis.com/v1/projects/jobseekafrica:test [none]
[debug] [2026-03-16T12:59:54.752Z] >>> [apiv2][body] POST https://firebaserules.googleapis.com/v1/projects/jobseekafrica:test [omitted]
[debug] [2026-03-16T12:59:55.800Z] <<< [apiv2][status] POST https://firebaserules.googleapis.com/v1/projects/jobseekafrica:test 200
[debug] [2026-03-16T12:59:55.801Z] <<< [apiv2][body] POST https://firebaserules.googleapis.com/v1/projects/jobseekafrica:test {}
[info] +  cloud.firestore: rules file firestore.rules compiled successfully 
[debug] [2026-03-16T12:59:55.802Z] Checked if tokens are valid: true, expires at: 1773669590538
[debug] [2026-03-16T12:59:55.803Z] Checked if tokens are valid: true, expires at: 1773669590538
[debug] [2026-03-16T12:59:55.803Z] >>> [apiv2][query] GET https://firebaserules.googleapis.com/v1/projects/jobseekafrica/releases pageSize=10&pageToken=
[debug] [2026-03-16T12:59:56.190Z] <<< [apiv2][status] GET https://firebaserules.googleapis.com/v1/projects/jobseekafrica/releases 200
[debug] [2026-03-16T12:59:56.191Z] <<< [apiv2][body] GET https://firebaserules.googleapis.com/v1/projects/jobseekafrica/releases {"releases":[{"name":"projects/jobseekafrica/releases/cloud.firestore","rulesetName":"projects/jobseekafrica/rulesets/2f3f3340-3522-476c-abab-a9c96630b1f3","createTime":"2026-03-13T17:07:36.216302Z","updateTime":"2026-03-16T08:27:39.395927Z"}]}
[debug] [2026-03-16T12:59:56.191Z] Checked if tokens are valid: true, expires at: 1773669590538
[debug] [2026-03-16T12:59:56.191Z] Checked if tokens are valid: true, expires at: 1773669590538
[debug] [2026-03-16T12:59:56.191Z] >>> [apiv2][query] GET https://firebaserules.googleapis.com/v1/projects/jobseekafrica/rulesets/2f3f3340-3522-476c-abab-a9c96630b1f3 [none]
[debug] [2026-03-16T12:59:56.971Z] <<< [apiv2][status] GET https://firebaserules.googleapis.com/v1/projects/jobseekafrica/rulesets/2f3f3340-3522-476c-abab-a9c96630b1f3 200
[debug] [2026-03-16T12:59:56.971Z] <<< [apiv2][body] GET https://firebaserules.googleapis.com/v1/projects/jobseekafrica/rulesets/2f3f3340-3522-476c-abab-a9c96630b1f3 [omitted]
[info] i  firestore: uploading rules firestore.rules... 
[debug] [2026-03-16T12:59:56.974Z] Checked if tokens are valid: true, expires at: 1773669590538
[debug] [2026-03-16T12:59:56.974Z] Checked if tokens are valid: true, expires at: 1773669590538
[debug] [2026-03-16T12:59:56.974Z] >>> [apiv2][query] POST https://firebaserules.googleapis.com/v1/projects/jobseekafrica/rulesets [none]
[debug] [2026-03-16T12:59:56.975Z] >>> [apiv2][body] POST https://firebaserules.googleapis.com/v1/projects/jobseekafrica/rulesets [omitted]
[debug] [2026-03-16T12:59:57.387Z] <<< [apiv2][status] POST https://firebaserules.googleapis.com/v1/projects/jobseekafrica/rulesets 200
[debug] [2026-03-16T12:59:57.387Z] <<< [apiv2][body] POST https://firebaserules.googleapis.com/v1/projects/jobseekafrica/rulesets {"name":"projects/jobseekafrica/rulesets/4a68457b-400d-4607-a46f-bd143450b492","source":{"files":[{"content":"rules_version = '2';\n\nservice cloud.firestore {\n  match /databases/{database}/documents {\n    function isSignedIn() {\n      return request.auth != null;\n    }\n\n    function isAdmin() {\n      // Treat any signed-in email/password user as admin.\n      // Anonymous users are not admins.\n      return request.auth != null &&\n        request.auth.token.email != null;\n    }\n\n    // Jobs are public read-only (written by Cloud Functions).\n    match /jobs/{jobId} {\n      allow read: if true;\n      allow create, update, delete: if isAdmin();\n    }\n\n    // CVs: allow creation and read. Allow only approval updates (no deletes).\n    match /cvs/{cvId} {\n      allow read: if true;\n      allow create: if isSignedIn();\n      allow update: if isAdmin() &&\n        request.resource.data.diff(resource.data).changedKeys()\n          .hasOnly([\"downloadApproved\", \"updatedAt\"]);\n      allow delete: if false;\n    }\n\n    // QR codes: public create/read.\n    match /qrcodes/{qrId} {\n      allow read: if true;\n      allow create: if isSignedIn();\n      allow update, delete: if false;\n    }\n\n    // Cover letters: public create/read.\n    match /letters/{letterId} {\n      allow read: if true;\n      allow create: if isSignedIn();\n      allow update, delete: if false;\n    }\n\n    // Portfolios: public create/read.\n    match /portfolios/{portfolioId} {\n      allow read: if true;\n      allow create: if isSignedIn();\n      allow update, delete: if false;\n    }\n\n    // Payments: allow create only (no public reads for privacy).\n    match /payments/{paymentId} {\n      allow create: if isSignedIn();\n      allow read: if isAdmin() || (isSignedIn() && resource.data.uid == request.auth.uid);\n      allow update: if isAdmin();\n      allow delete: if false;\n    }\n\n    // Default deny.\n    match /{document=**} {\n      allow read, write: if false;\n    }\n  }\n}\n","name":"firestore.rules"}]},"createTime":"2026-03-16T12:59:56.881871Z","metadata":{"services":["cloud.firestore"]}}
[debug] [2026-03-16T12:59:57.387Z] [rules] created ruleset projects/jobseekafrica/rulesets/4a68457b-400d-4607-a46f-bd143450b492
[debug] [2026-03-16T12:59:57.388Z] [rules] releasing cloud.firestore/(default) with ruleset projects/jobseekafrica/rulesets/4a68457b-400d-4607-a46f-bd143450b492
[debug] [2026-03-16T12:59:57.388Z] Checked if tokens are valid: true, expires at: 1773669590538
[debug] [2026-03-16T12:59:57.389Z] Checked if tokens are valid: true, expires at: 1773669590538
[debug] [2026-03-16T12:59:57.389Z] >>> [apiv2][query] PATCH https://firebaserules.googleapis.com/v1/projects/jobseekafrica/releases/cloud.firestore/(default) [none]
[debug] [2026-03-16T12:59:57.389Z] >>> [apiv2][body] PATCH https://firebaserules.googleapis.com/v1/projects/jobseekafrica/releases/cloud.firestore/(default) {"release":{"name":"projects/jobseekafrica/releases/cloud.firestore/(default)","rulesetName":"projects/jobseekafrica/rulesets/4a68457b-400d-4607-a46f-bd143450b492"}}
[debug] [2026-03-16T12:59:57.858Z] <<< [apiv2][status] PATCH https://firebaserules.googleapis.com/v1/projects/jobseekafrica/releases/cloud.firestore/(default) 200
[debug] [2026-03-16T12:59:57.859Z] <<< [apiv2][body] PATCH https://firebaserules.googleapis.com/v1/projects/jobseekafrica/releases/cloud.firestore/(default) {"name":"projects/jobseekafrica/releases/cloud.firestore","rulesetName":"projects/jobseekafrica/rulesets/4a68457b-400d-4607-a46f-bd143450b492","createTime":"2026-03-13T17:07:36.216302Z","updateTime":"2026-03-16T12:59:57.348577Z"}
[debug] [2026-03-16T12:59:57.859Z] [rules] updated release projects/jobseekafrica/releases/cloud.firestore
[info] +  firestore: released rules firestore.rules to cloud.firestore 
[info] 
[info] +  Deploy complete! 
[info] 
[info] Project Console: https://console.firebase.google.com/project/jobseekafrica/overview
[debug] [2026-03-16T13:05:17.572Z] ----------------------------------------------------------------------
[debug] [2026-03-16T13:05:17.575Z] Command:       C:\Program Files\nodejs\node.exe C:\Users\HP\AppData\Roaming\npm\node_modules\firebase-tools\lib\bin\firebase.js deploy --only firestore:rules --project jobseekafrica
[debug] [2026-03-16T13:05:17.575Z] CLI Version:   15.10.0
[debug] [2026-03-16T13:05:17.576Z] Platform:      win32
[debug] [2026-03-16T13:05:17.576Z] Node Version:  v24.14.0
[debug] [2026-03-16T13:05:17.576Z] Time:          Mon Mar 16 2026 16:05:17 GMT+0300 (East Africa Time)
[debug] [2026-03-16T13:05:17.576Z] ----------------------------------------------------------------------
[debug] 
[debug] [2026-03-16T13:05:19.146Z] > command requires scopes: ["email","openid","https://www.googleapis.com/auth/cloudplatformprojects.readonly","https://www.googleapis.com/auth/firebase","https://www.googleapis.com/auth/cloud-platform"]
[debug] [2026-03-16T13:05:19.147Z] > authorizing via signed-in user (purinekaka70@gmail.com)
[debug] [2026-03-16T13:05:19.147Z] [iam] checking project jobseekafrica for permissions ["datastore.indexes.create","datastore.indexes.delete","datastore.indexes.list","datastore.indexes.update","firebase.projects.get"]
[debug] [2026-03-16T13:05:19.149Z] Checked if tokens are valid: true, expires at: 1773669590538
[debug] [2026-03-16T13:05:19.149Z] Checked if tokens are valid: true, expires at: 1773669590538
[debug] [2026-03-16T13:05:19.151Z] >>> [apiv2][query] POST https://cloudresourcemanager.googleapis.com/v1/projects/jobseekafrica:testIamPermissions [none]
[debug] [2026-03-16T13:05:19.151Z] >>> [apiv2][(partial)header] POST https://cloudresourcemanager.googleapis.com/v1/projects/jobseekafrica:testIamPermissions  x-goog-user-project=jobseekafrica
[debug] [2026-03-16T13:05:19.151Z] >>> [apiv2][body] POST https://cloudresourcemanager.googleapis.com/v1/projects/jobseekafrica:testIamPermissions {"permissions":["datastore.indexes.create","datastore.indexes.delete","datastore.indexes.list","datastore.indexes.update","firebase.projects.get"]}
[debug] [2026-03-16T13:05:20.784Z] <<< [apiv2][status] POST https://cloudresourcemanager.googleapis.com/v1/projects/jobseekafrica:testIamPermissions 200
[debug] [2026-03-16T13:05:20.785Z] <<< [apiv2][body] POST https://cloudresourcemanager.googleapis.com/v1/projects/jobseekafrica:testIamPermissions {"permissions":["datastore.indexes.create","datastore.indexes.delete","datastore.indexes.list","datastore.indexes.update","firebase.projects.get"]}
[info] 
[info] === Deploying to 'jobseekafrica'...
[info] 
[info] i  deploying firestore 
[info] i  firestore: ensuring required API firestore.googleapis.com is enabled... 
[info] i  firestore: ensuring required API firestore.googleapis.com is enabled... 
[debug] [2026-03-16T13:05:20.803Z] Checked if tokens are valid: true, expires at: 1773669590538
[debug] [2026-03-16T13:05:20.803Z] Checked if tokens are valid: true, expires at: 1773669590538
[debug] [2026-03-16T13:05:20.803Z] >>> [apiv2][query] GET https://firestore.googleapis.com/v1/projects/jobseekafrica/databases/(default) [none]
[debug] [2026-03-16T13:05:22.362Z] <<< [apiv2][status] GET https://firestore.googleapis.com/v1/projects/jobseekafrica/databases/(default) 200
[debug] [2026-03-16T13:05:22.363Z] <<< [apiv2][body] GET https://firestore.googleapis.com/v1/projects/jobseekafrica/databases/(default) {"name":"projects/jobseekafrica/databases/(default)","uid":"6bbcf887-103d-40ce-b408-43ab8f5752d0","createTime":"2026-03-13T17:07:30.930714Z","updateTime":"2026-03-13T17:07:30.930714Z","locationId":"nam5","type":"FIRESTORE_NATIVE","concurrencyMode":"PESSIMISTIC","versionRetentionPeriod":"3600s","earliestVersionTime":"2026-03-16T12:05:21.873207Z","appEngineIntegrationMode":"DISABLED","keyPrefix":"s","pointInTimeRecoveryEnablement":"POINT_IN_TIME_RECOVERY_DISABLED","deleteProtectionState":"DELETE_PROTECTION_DISABLED","databaseEdition":"STANDARD","freeTier":true,"realtimeUpdatesMode":"REALTIME_UPDATES_MODE_ENABLED","etag":"IOXswvi9pJMDMMbcn8yunZMD"}
[info] i  firestore: reading indexes from firestore.indexes.json... 
[info] i  cloud.firestore: checking firestore.rules for compilation errors... 
[debug] [2026-03-16T13:05:22.374Z] Checked if tokens are valid: true, expires at: 1773669590538
[debug] [2026-03-16T13:05:22.375Z] Checked if tokens are valid: true, expires at: 1773669590538
[debug] [2026-03-16T13:05:22.376Z] >>> [apiv2][query] POST https://firebaserules.googleapis.com/v1/projects/jobseekafrica:test [none]
[debug] [2026-03-16T13:05:22.377Z] >>> [apiv2][body] POST https://firebaserules.googleapis.com/v1/projects/jobseekafrica:test [omitted]
[debug] [2026-03-16T13:05:22.986Z] <<< [apiv2][status] POST https://firebaserules.googleapis.com/v1/projects/jobseekafrica:test 200
[debug] [2026-03-16T13:05:22.986Z] <<< [apiv2][body] POST https://firebaserules.googleapis.com/v1/projects/jobseekafrica:test {}
[info] +  cloud.firestore: rules file firestore.rules compiled successfully 
[debug] [2026-03-16T13:05:22.988Z] Checked if tokens are valid: true, expires at: 1773669590538
[debug] [2026-03-16T13:05:22.989Z] Checked if tokens are valid: true, expires at: 1773669590538
[debug] [2026-03-16T13:05:22.989Z] >>> [apiv2][query] GET https://firebaserules.googleapis.com/v1/projects/jobseekafrica/releases pageSize=10&pageToken=
[debug] [2026-03-16T13:05:23.369Z] <<< [apiv2][status] GET https://firebaserules.googleapis.com/v1/projects/jobseekafrica/releases 200
[debug] [2026-03-16T13:05:23.370Z] <<< [apiv2][body] GET https://firebaserules.googleapis.com/v1/projects/jobseekafrica/releases {"releases":[{"name":"projects/jobseekafrica/releases/cloud.firestore","rulesetName":"projects/jobseekafrica/rulesets/4a68457b-400d-4607-a46f-bd143450b492","createTime":"2026-03-13T17:07:36.216302Z","updateTime":"2026-03-16T12:59:57.348577Z"}]}
[debug] [2026-03-16T13:05:23.372Z] Checked if tokens are valid: true, expires at: 1773669590538
[debug] [2026-03-16T13:05:23.374Z] Checked if tokens are valid: true, expires at: 1773669590538
[debug] [2026-03-16T13:05:23.375Z] >>> [apiv2][query] GET https://firebaserules.googleapis.com/v1/projects/jobseekafrica/rulesets/4a68457b-400d-4607-a46f-bd143450b492 [none]
[debug] [2026-03-16T13:05:23.786Z] <<< [apiv2][status] GET https://firebaserules.googleapis.com/v1/projects/jobseekafrica/rulesets/4a68457b-400d-4607-a46f-bd143450b492 200
[debug] [2026-03-16T13:05:23.786Z] <<< [apiv2][body] GET https://firebaserules.googleapis.com/v1/projects/jobseekafrica/rulesets/4a68457b-400d-4607-a46f-bd143450b492 [omitted]
[info] i  firestore: uploading rules firestore.rules... 
[debug] [2026-03-16T13:05:23.789Z] Checked if tokens are valid: true, expires at: 1773669590538
[debug] [2026-03-16T13:05:23.789Z] Checked if tokens are valid: true, expires at: 1773669590538
[debug] [2026-03-16T13:05:23.790Z] >>> [apiv2][query] POST https://firebaserules.googleapis.com/v1/projects/jobseekafrica/rulesets [none]
[debug] [2026-03-16T13:05:23.790Z] >>> [apiv2][body] POST https://firebaserules.googleapis.com/v1/projects/jobseekafrica/rulesets [omitted]
[debug] [2026-03-16T13:05:24.185Z] <<< [apiv2][status] POST https://firebaserules.googleapis.com/v1/projects/jobseekafrica/rulesets 200
[debug] [2026-03-16T13:05:24.186Z] <<< [apiv2][body] POST https://firebaserules.googleapis.com/v1/projects/jobseekafrica/rulesets {"name":"projects/jobseekafrica/rulesets/e4d42321-f5da-4840-b4be-e1398158e295","source":{"files":[{"content":"rules_version = '2';\n\nservice cloud.firestore {\n  match /databases/{database}/documents {\n    function isSignedIn() {\n      return request.auth != null;\n    }\n\n    function isAdmin() {\n      // Treat any signed-in email/password user as admin.\n      // Anonymous users are not admins.\n      return request.auth != null &&\n        request.auth.token.email != null;\n    }\n\n    // Jobs are public read-only (written by Cloud Functions).\n    match /jobs/{jobId} {\n      allow read: if true;\n      allow create, update, delete: if isAdmin();\n    }\n\n    // CVs: allow creation and read. Allow only approval updates (no deletes).\n    match /cvs/{cvId} {\n      allow read: if true;\n      allow create: if isSignedIn();\n      allow update: if isAdmin() &&\n        request.resource.data.diff(resource.data).changedKeys()\n          .hasOnly([\"downloadApproved\", \"updatedAt\"]);\n      allow delete: if isAdmin();\n    }\n\n    // QR codes: public create/read.\n    match /qrcodes/{qrId} {\n      allow read: if true;\n      allow create: if isSignedIn();\n      allow update: if false;\n      allow delete: if isAdmin();\n    }\n\n    // Cover letters: public create/read.\n    match /letters/{letterId} {\n      allow read: if true;\n      allow create: if isSignedIn();\n      allow update: if false;\n      allow delete: if isAdmin();\n    }\n\n    // Portfolios: public create/read.\n    match /portfolios/{portfolioId} {\n      allow read: if true;\n      allow create: if isSignedIn();\n      allow update: if false;\n      allow delete: if isAdmin();\n    }\n\n    // Payments: allow create only (no public reads for privacy).\n    match /payments/{paymentId} {\n      allow create: if isSignedIn();\n      allow read: if isAdmin() || (isSignedIn() && resource.data.uid == request.auth.uid);\n      allow update: if isAdmin();\n      allow delete: if isAdmin();\n    }\n\n    // Default deny.\n    match /{document=**} {\n      allow read, write: if false;\n    }\n  }\n}\n","name":"firestore.rules"}]},"createTime":"2026-03-16T13:05:23.685551Z","metadata":{"services":["cloud.firestore"]}}
[debug] [2026-03-16T13:05:24.187Z] [rules] created ruleset projects/jobseekafrica/rulesets/e4d42321-f5da-4840-b4be-e1398158e295
[debug] [2026-03-16T13:05:24.190Z] [rules] releasing cloud.firestore/(default) with ruleset projects/jobseekafrica/rulesets/e4d42321-f5da-4840-b4be-e1398158e295
[debug] [2026-03-16T13:05:24.191Z] Checked if tokens are valid: true, expires at: 1773669590538
[debug] [2026-03-16T13:05:24.192Z] Checked if tokens are valid: true, expires at: 1773669590538
[debug] [2026-03-16T13:05:24.193Z] >>> [apiv2][query] PATCH https://firebaserules.googleapis.com/v1/projects/jobseekafrica/releases/cloud.firestore/(default) [none]
[debug] [2026-03-16T13:05:24.193Z] >>> [apiv2][body] PATCH https://firebaserules.googleapis.com/v1/projects/jobseekafrica/releases/cloud.firestore/(default) {"release":{"name":"projects/jobseekafrica/releases/cloud.firestore/(default)","rulesetName":"projects/jobseekafrica/rulesets/e4d42321-f5da-4840-b4be-e1398158e295"}}
[debug] [2026-03-16T13:05:24.673Z] <<< [apiv2][status] PATCH https://firebaserules.googleapis.com/v1/projects/jobseekafrica/releases/cloud.firestore/(default) 200
[debug] [2026-03-16T13:05:24.673Z] <<< [apiv2][body] PATCH https://firebaserules.googleapis.com/v1/projects/jobseekafrica/releases/cloud.firestore/(default) {"name":"projects/jobseekafrica/releases/cloud.firestore","rulesetName":"projects/jobseekafrica/rulesets/e4d42321-f5da-4840-b4be-e1398158e295","createTime":"2026-03-13T17:07:36.216302Z","updateTime":"2026-03-16T13:05:24.169517Z"}
[debug] [2026-03-16T13:05:24.674Z] [rules] updated release projects/jobseekafrica/releases/cloud.firestore
[info] +  firestore: released rules firestore.rules to cloud.firestore 
[info] 
[info] +  Deploy complete! 
[info] 
[info] Project Console: https://console.firebase.google.com/project/jobseekafrica/overview
[debug] [2026-03-16T13:15:40.324Z] ----------------------------------------------------------------------
[debug] [2026-03-16T13:15:40.326Z] Command:       C:\Program Files\nodejs\node.exe C:\Users\HP\AppData\Roaming\npm\node_modules\firebase-tools\lib\bin\firebase.js deploy --only firestore:rules --project jobseekafrica
[debug] [2026-03-16T13:15:40.327Z] CLI Version:   15.10.0
[debug] [2026-03-16T13:15:40.327Z] Platform:      win32
[debug] [2026-03-16T13:15:40.327Z] Node Version:  v24.14.0
[debug] [2026-03-16T13:15:40.327Z] Time:          Mon Mar 16 2026 16:15:40 GMT+0300 (East Africa Time)
[debug] [2026-03-16T13:15:40.327Z] ----------------------------------------------------------------------
[debug] 
[debug] [2026-03-16T13:15:42.066Z] > command requires scopes: ["email","openid","https://www.googleapis.com/auth/cloudplatformprojects.readonly","https://www.googleapis.com/auth/firebase","https://www.googleapis.com/auth/cloud-platform"]
[debug] [2026-03-16T13:15:42.067Z] > authorizing via signed-in user (purinekaka70@gmail.com)
[debug] [2026-03-16T13:15:42.067Z] [iam] checking project jobseekafrica for permissions ["datastore.indexes.create","datastore.indexes.delete","datastore.indexes.list","datastore.indexes.update","firebase.projects.get"]
[debug] [2026-03-16T13:15:42.069Z] Checked if tokens are valid: true, expires at: 1773669590538
[debug] [2026-03-16T13:15:42.069Z] Checked if tokens are valid: true, expires at: 1773669590538
[debug] [2026-03-16T13:15:42.070Z] >>> [apiv2][query] POST https://cloudresourcemanager.googleapis.com/v1/projects/jobseekafrica:testIamPermissions [none]
[debug] [2026-03-16T13:15:42.071Z] >>> [apiv2][(partial)header] POST https://cloudresourcemanager.googleapis.com/v1/projects/jobseekafrica:testIamPermissions  x-goog-user-project=jobseekafrica
[debug] [2026-03-16T13:15:42.071Z] >>> [apiv2][body] POST https://cloudresourcemanager.googleapis.com/v1/projects/jobseekafrica:testIamPermissions {"permissions":["datastore.indexes.create","datastore.indexes.delete","datastore.indexes.list","datastore.indexes.update","firebase.projects.get"]}
[debug] [2026-03-16T13:15:43.661Z] <<< [apiv2][status] POST https://cloudresourcemanager.googleapis.com/v1/projects/jobseekafrica:testIamPermissions 200
[debug] [2026-03-16T13:15:43.662Z] <<< [apiv2][body] POST https://cloudresourcemanager.googleapis.com/v1/projects/jobseekafrica:testIamPermissions {"permissions":["datastore.indexes.create","datastore.indexes.delete","datastore.indexes.list","datastore.indexes.update","firebase.projects.get"]}
[info] 
[info] === Deploying to 'jobseekafrica'...
[info] 
[info] i  deploying firestore 
[info] i  firestore: ensuring required API firestore.googleapis.com is enabled... 
[info] i  firestore: ensuring required API firestore.googleapis.com is enabled... 
[debug] [2026-03-16T13:15:43.673Z] Checked if tokens are valid: true, expires at: 1773669590538
[debug] [2026-03-16T13:15:43.673Z] Checked if tokens are valid: true, expires at: 1773669590538
[debug] [2026-03-16T13:15:43.674Z] >>> [apiv2][query] GET https://firestore.googleapis.com/v1/projects/jobseekafrica/databases/(default) [none]
[debug] [2026-03-16T13:15:45.237Z] <<< [apiv2][status] GET https://firestore.googleapis.com/v1/projects/jobseekafrica/databases/(default) 200
[debug] [2026-03-16T13:15:45.238Z] <<< [apiv2][body] GET https://firestore.googleapis.com/v1/projects/jobseekafrica/databases/(default) {"name":"projects/jobseekafrica/databases/(default)","uid":"6bbcf887-103d-40ce-b408-43ab8f5752d0","createTime":"2026-03-13T17:07:30.930714Z","updateTime":"2026-03-13T17:07:30.930714Z","locationId":"nam5","type":"FIRESTORE_NATIVE","concurrencyMode":"PESSIMISTIC","versionRetentionPeriod":"3600s","earliestVersionTime":"2026-03-16T12:15:44.755672Z","appEngineIntegrationMode":"DISABLED","keyPrefix":"s","pointInTimeRecoveryEnablement":"POINT_IN_TIME_RECOVERY_DISABLED","deleteProtectionState":"DELETE_PROTECTION_DISABLED","databaseEdition":"STANDARD","freeTier":true,"realtimeUpdatesMode":"REALTIME_UPDATES_MODE_ENABLED","etag":"II3LxKHApJMDMMbcn8yunZMD"}
[info] i  firestore: reading indexes from firestore.indexes.json... 
[info] i  cloud.firestore: checking firestore.rules for compilation errors... 
[debug] [2026-03-16T13:15:45.243Z] Checked if tokens are valid: true, expires at: 1773669590538
[debug] [2026-03-16T13:15:45.244Z] Checked if tokens are valid: true, expires at: 1773669590538
[debug] [2026-03-16T13:15:45.245Z] >>> [apiv2][query] POST https://firebaserules.googleapis.com/v1/projects/jobseekafrica:test [none]
[debug] [2026-03-16T13:15:45.245Z] >>> [apiv2][body] POST https://firebaserules.googleapis.com/v1/projects/jobseekafrica:test [omitted]
[debug] [2026-03-16T13:15:46.377Z] <<< [apiv2][status] POST https://firebaserules.googleapis.com/v1/projects/jobseekafrica:test 200
[debug] [2026-03-16T13:15:46.377Z] <<< [apiv2][body] POST https://firebaserules.googleapis.com/v1/projects/jobseekafrica:test {}
[info] +  cloud.firestore: rules file firestore.rules compiled successfully 
[debug] [2026-03-16T13:15:46.380Z] Checked if tokens are valid: true, expires at: 1773669590538
[debug] [2026-03-16T13:15:46.380Z] Checked if tokens are valid: true, expires at: 1773669590538
[debug] [2026-03-16T13:15:46.381Z] >>> [apiv2][query] GET https://firebaserules.googleapis.com/v1/projects/jobseekafrica/releases pageSize=10&pageToken=
[debug] [2026-03-16T13:15:47.131Z] <<< [apiv2][status] GET https://firebaserules.googleapis.com/v1/projects/jobseekafrica/releases 200
[debug] [2026-03-16T13:15:47.131Z] <<< [apiv2][body] GET https://firebaserules.googleapis.com/v1/projects/jobseekafrica/releases {"releases":[{"name":"projects/jobseekafrica/releases/cloud.firestore","rulesetName":"projects/jobseekafrica/rulesets/e4d42321-f5da-4840-b4be-e1398158e295","createTime":"2026-03-13T17:07:36.216302Z","updateTime":"2026-03-16T13:05:24.169517Z"}]}
[debug] [2026-03-16T13:15:47.132Z] Checked if tokens are valid: true, expires at: 1773669590538
[debug] [2026-03-16T13:15:47.133Z] Checked if tokens are valid: true, expires at: 1773669590538
[debug] [2026-03-16T13:15:47.134Z] >>> [apiv2][query] GET https://firebaserules.googleapis.com/v1/projects/jobseekafrica/rulesets/e4d42321-f5da-4840-b4be-e1398158e295 [none]
[debug] [2026-03-16T13:15:47.518Z] <<< [apiv2][status] GET https://firebaserules.googleapis.com/v1/projects/jobseekafrica/rulesets/e4d42321-f5da-4840-b4be-e1398158e295 200
[debug] [2026-03-16T13:15:47.519Z] <<< [apiv2][body] GET https://firebaserules.googleapis.com/v1/projects/jobseekafrica/rulesets/e4d42321-f5da-4840-b4be-e1398158e295 [omitted]
[info] i  firestore: uploading rules firestore.rules... 
[debug] [2026-03-16T13:15:47.521Z] Checked if tokens are valid: true, expires at: 1773669590538
[debug] [2026-03-16T13:15:47.521Z] Checked if tokens are valid: true, expires at: 1773669590538
[debug] [2026-03-16T13:15:47.522Z] >>> [apiv2][query] POST https://firebaserules.googleapis.com/v1/projects/jobseekafrica/rulesets [none]
[debug] [2026-03-16T13:15:47.522Z] >>> [apiv2][body] POST https://firebaserules.googleapis.com/v1/projects/jobseekafrica/rulesets [omitted]
[debug] [2026-03-16T13:15:48.078Z] <<< [apiv2][status] POST https://firebaserules.googleapis.com/v1/projects/jobseekafrica/rulesets 200
[debug] [2026-03-16T13:15:48.079Z] <<< [apiv2][body] POST https://firebaserules.googleapis.com/v1/projects/jobseekafrica/rulesets {"name":"projects/jobseekafrica/rulesets/ce31b272-cfbe-4e79-a951-5294ba5775db","source":{"files":[{"content":"rules_version = '2';\n\nservice cloud.firestore {\n  match /databases/{database}/documents {\n    function isSignedIn() {\n      return request.auth != null;\n    }\n\n    function isAdmin() {\n      // Treat any signed-in email/password user as admin.\n      // Anonymous users are not admins.\n      return request.auth != null &&\n        request.auth.token.email != null;\n    }\n\n    // Jobs are public read-only (written by Cloud Functions).\n    match /jobs/{jobId} {\n      allow read: if true;\n      allow create: if isAdmin() || (isSignedIn() && request.resource.data.approved == false);\n      allow update, delete: if isAdmin();\n    }\n\n    // CVs: allow creation and read. Admins can update/delete.\n    match /cvs/{cvId} {\n      allow read: if true;\n      allow create: if isSignedIn();\n      allow update: if isAdmin();\n      allow delete: if isAdmin();\n    }\n\n    // QR codes: public create/read.\n    match /qrcodes/{qrId} {\n      allow read: if true;\n      allow create: if isSignedIn();\n      allow update: if isAdmin();\n      allow delete: if isAdmin();\n    }\n\n    // Cover letters: public create/read.\n    match /letters/{letterId} {\n      allow read: if true;\n      allow create: if isSignedIn();\n      allow update: if isAdmin();\n      allow delete: if isAdmin();\n    }\n\n    // Portfolios: public create/read.\n    match /portfolios/{portfolioId} {\n      allow read: if true;\n      allow create: if isSignedIn();\n      allow update: if isAdmin();\n      allow delete: if isAdmin();\n    }\n\n    // Payments: allow create only (no public reads for privacy).\n    match /payments/{paymentId} {\n      allow create: if isSignedIn();\n      allow read: if isAdmin() || (isSignedIn() && resource.data.uid == request.auth.uid);\n      allow update: if isAdmin();\n      allow delete: if isAdmin();\n    }\n\n    // Default deny.\n    match /{document=**} {\n      allow read, write: if false;\n    }\n  }\n}\n","name":"firestore.rules"}]},"createTime":"2026-03-16T13:15:47.579663Z","metadata":{"services":["cloud.firestore"]}}
[debug] [2026-03-16T13:15:48.079Z] [rules] created ruleset projects/jobseekafrica/rulesets/ce31b272-cfbe-4e79-a951-5294ba5775db
[debug] [2026-03-16T13:15:48.082Z] [rules] releasing cloud.firestore/(default) with ruleset projects/jobseekafrica/rulesets/ce31b272-cfbe-4e79-a951-5294ba5775db
[debug] [2026-03-16T13:15:48.084Z] Checked if tokens are valid: true, expires at: 1773669590538
[debug] [2026-03-16T13:15:48.085Z] Checked if tokens are valid: true, expires at: 1773669590538
[debug] [2026-03-16T13:15:48.086Z] >>> [apiv2][query] PATCH https://firebaserules.googleapis.com/v1/projects/jobseekafrica/releases/cloud.firestore/(default) [none]
[debug] [2026-03-16T13:15:48.087Z] >>> [apiv2][body] PATCH https://firebaserules.googleapis.com/v1/projects/jobseekafrica/releases/cloud.firestore/(default) {"release":{"name":"projects/jobseekafrica/releases/cloud.firestore/(default)","rulesetName":"projects/jobseekafrica/rulesets/ce31b272-cfbe-4e79-a951-5294ba5775db"}}
[debug] [2026-03-16T13:15:49.015Z] <<< [apiv2][status] PATCH https://firebaserules.googleapis.com/v1/projects/jobseekafrica/releases/cloud.firestore/(default) 200
[debug] [2026-03-16T13:15:49.016Z] <<< [apiv2][body] PATCH https://firebaserules.googleapis.com/v1/projects/jobseekafrica/releases/cloud.firestore/(default) {"name":"projects/jobseekafrica/releases/cloud.firestore","rulesetName":"projects/jobseekafrica/rulesets/ce31b272-cfbe-4e79-a951-5294ba5775db","createTime":"2026-03-13T17:07:36.216302Z","updateTime":"2026-03-16T13:15:48.512498Z"}
[debug] [2026-03-16T13:15:49.016Z] [rules] updated release projects/jobseekafrica/releases/cloud.firestore
[info] +  firestore: released rules firestore.rules to cloud.firestore 
[info] 
[info] +  Deploy complete! 
[info] 
[info] Project Console: https://console.firebase.google.com/project/jobseekafrica/overview
[debug] [2026-03-16T13:29:17.849Z] ----------------------------------------------------------------------
[debug] [2026-03-16T13:29:17.851Z] Command:       C:\Program Files\nodejs\node.exe C:\Users\HP\AppData\Roaming\npm\node_modules\firebase-tools\lib\bin\firebase.js deploy --only firestore:rules --project jobseekafrica
[debug] [2026-03-16T13:29:17.852Z] CLI Version:   15.10.0
[debug] [2026-03-16T13:29:17.852Z] Platform:      win32
[debug] [2026-03-16T13:29:17.852Z] Node Version:  v24.14.0
[debug] [2026-03-16T13:29:17.852Z] Time:          Mon Mar 16 2026 16:29:17 GMT+0300 (East Africa Time)
[debug] [2026-03-16T13:29:17.852Z] ----------------------------------------------------------------------
[debug] 
[debug] [2026-03-16T13:29:19.677Z] > command requires scopes: ["email","openid","https://www.googleapis.com/auth/cloudplatformprojects.readonly","https://www.googleapis.com/auth/firebase","https://www.googleapis.com/auth/cloud-platform"]
[debug] [2026-03-16T13:29:19.678Z] > authorizing via signed-in user (purinekaka70@gmail.com)
[debug] [2026-03-16T13:29:19.678Z] [iam] checking project jobseekafrica for permissions ["datastore.indexes.create","datastore.indexes.delete","datastore.indexes.list","datastore.indexes.update","firebase.projects.get"]
[debug] [2026-03-16T13:29:19.679Z] Checked if tokens are valid: true, expires at: 1773669590538
[debug] [2026-03-16T13:29:19.680Z] Checked if tokens are valid: true, expires at: 1773669590538
[debug] [2026-03-16T13:29:19.681Z] >>> [apiv2][query] POST https://cloudresourcemanager.googleapis.com/v1/projects/jobseekafrica:testIamPermissions [none]
[debug] [2026-03-16T13:29:19.681Z] >>> [apiv2][(partial)header] POST https://cloudresourcemanager.googleapis.com/v1/projects/jobseekafrica:testIamPermissions  x-goog-user-project=jobseekafrica
[debug] [2026-03-16T13:29:19.681Z] >>> [apiv2][body] POST https://cloudresourcemanager.googleapis.com/v1/projects/jobseekafrica:testIamPermissions {"permissions":["datastore.indexes.create","datastore.indexes.delete","datastore.indexes.list","datastore.indexes.update","firebase.projects.get"]}
[debug] [2026-03-16T13:29:23.155Z] <<< [apiv2][status] POST https://cloudresourcemanager.googleapis.com/v1/projects/jobseekafrica:testIamPermissions 200
[debug] [2026-03-16T13:29:23.156Z] <<< [apiv2][body] POST https://cloudresourcemanager.googleapis.com/v1/projects/jobseekafrica:testIamPermissions {"permissions":["datastore.indexes.create","datastore.indexes.delete","datastore.indexes.list","datastore.indexes.update","firebase.projects.get"]}
[info] 
[info] === Deploying to 'jobseekafrica'...
[info] 
[info] i  deploying firestore 
[info] i  firestore: ensuring required API firestore.googleapis.com is enabled... 
[info] i  firestore: ensuring required API firestore.googleapis.com is enabled... 
[debug] [2026-03-16T13:29:23.166Z] Checked if tokens are valid: true, expires at: 1773669590538
[debug] [2026-03-16T13:29:23.166Z] Checked if tokens are valid: true, expires at: 1773669590538
[debug] [2026-03-16T13:29:23.166Z] >>> [apiv2][query] GET https://firestore.googleapis.com/v1/projects/jobseekafrica/databases/(default) [none]
[debug] [2026-03-16T13:29:26.615Z] <<< [apiv2][status] GET https://firestore.googleapis.com/v1/projects/jobseekafrica/databases/(default) 200
[debug] [2026-03-16T13:29:26.616Z] <<< [apiv2][body] GET https://firestore.googleapis.com/v1/projects/jobseekafrica/databases/(default) {"name":"projects/jobseekafrica/databases/(default)","uid":"6bbcf887-103d-40ce-b408-43ab8f5752d0","createTime":"2026-03-13T17:07:30.930714Z","updateTime":"2026-03-13T17:07:30.930714Z","locationId":"nam5","type":"FIRESTORE_NATIVE","concurrencyMode":"PESSIMISTIC","versionRetentionPeriod":"3600s","earliestVersionTime":"2026-03-16T12:29:26.134720Z","appEngineIntegrationMode":"DISABLED","keyPrefix":"s","pointInTimeRecoveryEnablement":"POINT_IN_TIME_RECOVERY_DISABLED","deleteProtectionState":"DELETE_PROTECTION_DISABLED","databaseEdition":"STANDARD","freeTier":true,"realtimeUpdatesMode":"REALTIME_UPDATES_MODE_ENABLED","etag":"INfKmanDpJMDMMbcn8yunZMD"}
[info] i  firestore: reading indexes from firestore.indexes.json... 
[info] i  cloud.firestore: checking firestore.rules for compilation errors... 
[debug] [2026-03-16T13:29:26.621Z] Checked if tokens are valid: true, expires at: 1773669590538
[debug] [2026-03-16T13:29:26.622Z] Checked if tokens are valid: true, expires at: 1773669590538
[debug] [2026-03-16T13:29:26.622Z] >>> [apiv2][query] POST https://firebaserules.googleapis.com/v1/projects/jobseekafrica:test [none]
[debug] [2026-03-16T13:29:26.623Z] >>> [apiv2][body] POST https://firebaserules.googleapis.com/v1/projects/jobseekafrica:test [omitted]
[debug] [2026-03-16T13:29:27.703Z] <<< [apiv2][status] POST https://firebaserules.googleapis.com/v1/projects/jobseekafrica:test 200
[debug] [2026-03-16T13:29:27.704Z] <<< [apiv2][body] POST https://firebaserules.googleapis.com/v1/projects/jobseekafrica:test {}
[info] +  cloud.firestore: rules file firestore.rules compiled successfully 
[debug] [2026-03-16T13:29:27.709Z] Checked if tokens are valid: true, expires at: 1773669590538
[debug] [2026-03-16T13:29:27.710Z] Checked if tokens are valid: true, expires at: 1773669590538
[debug] [2026-03-16T13:29:27.711Z] >>> [apiv2][query] GET https://firebaserules.googleapis.com/v1/projects/jobseekafrica/releases pageSize=10&pageToken=
[debug] [2026-03-16T13:29:28.512Z] <<< [apiv2][status] GET https://firebaserules.googleapis.com/v1/projects/jobseekafrica/releases 200
[debug] [2026-03-16T13:29:28.514Z] <<< [apiv2][body] GET https://firebaserules.googleapis.com/v1/projects/jobseekafrica/releases {"releases":[{"name":"projects/jobseekafrica/releases/cloud.firestore","rulesetName":"projects/jobseekafrica/rulesets/ce31b272-cfbe-4e79-a951-5294ba5775db","createTime":"2026-03-13T17:07:36.216302Z","updateTime":"2026-03-16T13:15:48.512498Z"}]}
[debug] [2026-03-16T13:29:28.517Z] Checked if tokens are valid: true, expires at: 1773669590538
[debug] [2026-03-16T13:29:28.517Z] Checked if tokens are valid: true, expires at: 1773669590538
[debug] [2026-03-16T13:29:28.518Z] >>> [apiv2][query] GET https://firebaserules.googleapis.com/v1/projects/jobseekafrica/rulesets/ce31b272-cfbe-4e79-a951-5294ba5775db [none]
[debug] [2026-03-16T13:29:28.911Z] <<< [apiv2][status] GET https://firebaserules.googleapis.com/v1/projects/jobseekafrica/rulesets/ce31b272-cfbe-4e79-a951-5294ba5775db 200
[debug] [2026-03-16T13:29:28.912Z] <<< [apiv2][body] GET https://firebaserules.googleapis.com/v1/projects/jobseekafrica/rulesets/ce31b272-cfbe-4e79-a951-5294ba5775db [omitted]
[info] i  firestore: uploading rules firestore.rules... 
[debug] [2026-03-16T13:29:28.914Z] Checked if tokens are valid: true, expires at: 1773669590538
[debug] [2026-03-16T13:29:28.914Z] Checked if tokens are valid: true, expires at: 1773669590538
[debug] [2026-03-16T13:29:28.914Z] >>> [apiv2][query] POST https://firebaserules.googleapis.com/v1/projects/jobseekafrica/rulesets [none]
[debug] [2026-03-16T13:29:28.915Z] >>> [apiv2][body] POST https://firebaserules.googleapis.com/v1/projects/jobseekafrica/rulesets [omitted]
[debug] [2026-03-16T13:29:29.438Z] <<< [apiv2][status] POST https://firebaserules.googleapis.com/v1/projects/jobseekafrica/rulesets 200
[debug] [2026-03-16T13:29:29.439Z] <<< [apiv2][body] POST https://firebaserules.googleapis.com/v1/projects/jobseekafrica/rulesets {"name":"projects/jobseekafrica/rulesets/2cc3dd98-0706-4726-95f1-4a1cad5f20ae","source":{"files":[{"content":"rules_version = '2';\n\nservice cloud.firestore {\n  match /databases/{database}/documents {\n    function isSignedIn() {\n      return request.auth != null;\n    }\n\n    function isAdmin() {\n      // Treat any signed-in email/password user as admin.\n      // Anonymous users are not admins.\n      return request.auth != null &&\n        request.auth.token.email != null;\n    }\n\n    function isEmailUser() {\n      return request.auth != null &&\n        request.auth.token.email != null;\n    }\n\n    // Jobs are public read-only (written by Cloud Functions).\n    match /jobs/{jobId} {\n      allow read: if true;\n      allow create: if isAdmin() || (isEmailUser() && request.resource.data.approved == false);\n      allow update, delete: if isAdmin();\n    }\n\n    // CVs: allow creation and read. Admins can update/delete.\n    match /cvs/{cvId} {\n      allow read: if true;\n      allow create: if isSignedIn();\n      allow update: if isAdmin();\n      allow delete: if isAdmin();\n    }\n\n    // QR codes: public create/read.\n    match /qrcodes/{qrId} {\n      allow read: if true;\n      allow create: if isSignedIn();\n      allow update: if isAdmin();\n      allow delete: if isAdmin();\n    }\n\n    // Cover letters: public create/read.\n    match /letters/{letterId} {\n      allow read: if true;\n      allow create: if isSignedIn();\n      allow update: if isAdmin();\n      allow delete: if isAdmin();\n    }\n\n    // Portfolios: public create/read.\n    match /portfolios/{portfolioId} {\n      allow read: if true;\n      allow create: if isSignedIn();\n      allow update: if isAdmin();\n      allow delete: if isAdmin();\n    }\n\n    // Payments: allow create only (no public reads for privacy).\n    match /payments/{paymentId} {\n      allow create: if isSignedIn();\n      allow read: if isAdmin() || (isSignedIn() && resource.data.uid == request.auth.uid);\n      allow update: if isAdmin();\n      allow delete: if isAdmin();\n    }\n\n    // Default deny.\n    match /{document=**} {\n      allow read, write: if false;\n    }\n  }\n}\n","name":"firestore.rules"}]},"createTime":"2026-03-16T13:29:28.937375Z","metadata":{"services":["cloud.firestore"]}}
[debug] [2026-03-16T13:29:29.440Z] [rules] created ruleset projects/jobseekafrica/rulesets/2cc3dd98-0706-4726-95f1-4a1cad5f20ae
[debug] [2026-03-16T13:29:29.443Z] [rules] releasing cloud.firestore/(default) with ruleset projects/jobseekafrica/rulesets/2cc3dd98-0706-4726-95f1-4a1cad5f20ae
[debug] [2026-03-16T13:29:29.445Z] Checked if tokens are valid: true, expires at: 1773669590538
[debug] [2026-03-16T13:29:29.446Z] Checked if tokens are valid: true, expires at: 1773669590538
[debug] [2026-03-16T13:29:29.446Z] >>> [apiv2][query] PATCH https://firebaserules.googleapis.com/v1/projects/jobseekafrica/releases/cloud.firestore/(default) [none]
[debug] [2026-03-16T13:29:29.447Z] >>> [apiv2][body] PATCH https://firebaserules.googleapis.com/v1/projects/jobseekafrica/releases/cloud.firestore/(default) {"release":{"name":"projects/jobseekafrica/releases/cloud.firestore/(default)","rulesetName":"projects/jobseekafrica/rulesets/2cc3dd98-0706-4726-95f1-4a1cad5f20ae"}}
[debug] [2026-03-16T13:29:29.920Z] <<< [apiv2][status] PATCH https://firebaserules.googleapis.com/v1/projects/jobseekafrica/releases/cloud.firestore/(default) 200
[debug] [2026-03-16T13:29:29.921Z] <<< [apiv2][body] PATCH https://firebaserules.googleapis.com/v1/projects/jobseekafrica/releases/cloud.firestore/(default) {"name":"projects/jobseekafrica/releases/cloud.firestore","rulesetName":"projects/jobseekafrica/rulesets/2cc3dd98-0706-4726-95f1-4a1cad5f20ae","createTime":"2026-03-13T17:07:36.216302Z","updateTime":"2026-03-16T13:29:29.425899Z"}
[debug] [2026-03-16T13:29:29.921Z] [rules] updated release projects/jobseekafrica/releases/cloud.firestore
[info] +  firestore: released rules firestore.rules to cloud.firestore 
[info] 
[info] +  Deploy complete! 
[info] 
[info] Project Console: https://console.firebase.google.com/project/jobseekafrica/overview
[debug] [2026-03-16T13:33:58.738Z] ----------------------------------------------------------------------
[debug] [2026-03-16T13:33:58.741Z] Command:       C:\Program Files\nodejs\node.exe C:\Users\HP\AppData\Roaming\npm\node_modules\firebase-tools\lib\bin\firebase.js deploy --only firestore:rules --project jobseekafrica
[debug] [2026-03-16T13:33:58.741Z] CLI Version:   15.10.0
[debug] [2026-03-16T13:33:58.742Z] Platform:      win32
[debug] [2026-03-16T13:33:58.742Z] Node Version:  v24.14.0
[debug] [2026-03-16T13:33:58.742Z] Time:          Mon Mar 16 2026 16:33:58 GMT+0300 (East Africa Time)
[debug] [2026-03-16T13:33:58.742Z] ----------------------------------------------------------------------
[debug] 
[debug] [2026-03-16T13:34:00.377Z] > command requires scopes: ["email","openid","https://www.googleapis.com/auth/cloudplatformprojects.readonly","https://www.googleapis.com/auth/firebase","https://www.googleapis.com/auth/cloud-platform"]
[debug] [2026-03-16T13:34:00.378Z] > authorizing via signed-in user (purinekaka70@gmail.com)
[debug] [2026-03-16T13:34:00.378Z] [iam] checking project jobseekafrica for permissions ["datastore.indexes.create","datastore.indexes.delete","datastore.indexes.list","datastore.indexes.update","firebase.projects.get"]
[debug] [2026-03-16T13:34:00.379Z] Checked if tokens are valid: true, expires at: 1773669590538
[debug] [2026-03-16T13:34:00.380Z] Checked if tokens are valid: true, expires at: 1773669590538
[debug] [2026-03-16T13:34:00.381Z] >>> [apiv2][query] POST https://cloudresourcemanager.googleapis.com/v1/projects/jobseekafrica:testIamPermissions [none]
[debug] [2026-03-16T13:34:00.381Z] >>> [apiv2][(partial)header] POST https://cloudresourcemanager.googleapis.com/v1/projects/jobseekafrica:testIamPermissions  x-goog-user-project=jobseekafrica
[debug] [2026-03-16T13:34:00.381Z] >>> [apiv2][body] POST https://cloudresourcemanager.googleapis.com/v1/projects/jobseekafrica:testIamPermissions {"permissions":["datastore.indexes.create","datastore.indexes.delete","datastore.indexes.list","datastore.indexes.update","firebase.projects.get"]}
[debug] [2026-03-16T13:34:08.983Z] <<< [apiv2][status] POST https://cloudresourcemanager.googleapis.com/v1/projects/jobseekafrica:testIamPermissions 200
[debug] [2026-03-16T13:34:08.984Z] <<< [apiv2][body] POST https://cloudresourcemanager.googleapis.com/v1/projects/jobseekafrica:testIamPermissions {"permissions":["datastore.indexes.create","datastore.indexes.delete","datastore.indexes.list","datastore.indexes.update","firebase.projects.get"]}
[info] 
[info] === Deploying to 'jobseekafrica'...
[info] 
[info] i  deploying firestore 
[info] i  firestore: ensuring required API firestore.googleapis.com is enabled... 
[info] i  firestore: ensuring required API firestore.googleapis.com is enabled... 
[debug] [2026-03-16T13:34:08.996Z] Checked if tokens are valid: true, expires at: 1773669590538
[debug] [2026-03-16T13:34:08.996Z] Checked if tokens are valid: true, expires at: 1773669590538
[debug] [2026-03-16T13:34:08.997Z] >>> [apiv2][query] GET https://firestore.googleapis.com/v1/projects/jobseekafrica/databases/(default) [none]
[debug] [2026-03-16T13:34:10.692Z] <<< [apiv2][status] GET https://firestore.googleapis.com/v1/projects/jobseekafrica/databases/(default) 200
[debug] [2026-03-16T13:34:10.702Z] <<< [apiv2][body] GET https://firestore.googleapis.com/v1/projects/jobseekafrica/databases/(default) {"name":"projects/jobseekafrica/databases/(default)","uid":"6bbcf887-103d-40ce-b408-43ab8f5752d0","createTime":"2026-03-13T17:07:30.930714Z","updateTime":"2026-03-13T17:07:30.930714Z","locationId":"nam5","type":"FIRESTORE_NATIVE","concurrencyMode":"PESSIMISTIC","versionRetentionPeriod":"3600s","earliestVersionTime":"2026-03-16T12:34:10.223142Z","appEngineIntegrationMode":"DISABLED","keyPrefix":"s","pointInTimeRecoveryEnablement":"POINT_IN_TIME_RECOVERY_DISABLED","deleteProtectionState":"DELETE_PROTECTION_DISABLED","databaseEdition":"STANDARD","freeTier":true,"realtimeUpdatesMode":"REALTIME_UPDATES_MODE_ENABLED","etag":"IJT81LDEpJMDMMbcn8yunZMD"}
[info] i  firestore: reading indexes from firestore.indexes.json... 
[info] i  cloud.firestore: checking firestore.rules for compilation errors... 
[debug] [2026-03-16T13:34:10.734Z] Checked if tokens are valid: true, expires at: 1773669590538
[debug] [2026-03-16T13:34:10.735Z] Checked if tokens are valid: true, expires at: 1773669590538
[debug] [2026-03-16T13:34:10.738Z] >>> [apiv2][query] POST https://firebaserules.googleapis.com/v1/projects/jobseekafrica:test [none]
[debug] [2026-03-16T13:34:10.739Z] >>> [apiv2][body] POST https://firebaserules.googleapis.com/v1/projects/jobseekafrica:test [omitted]
[debug] [2026-03-16T13:34:11.669Z] <<< [apiv2][status] POST https://firebaserules.googleapis.com/v1/projects/jobseekafrica:test 200
[debug] [2026-03-16T13:34:11.671Z] <<< [apiv2][body] POST https://firebaserules.googleapis.com/v1/projects/jobseekafrica:test {}
[info] +  cloud.firestore: rules file firestore.rules compiled successfully 
[debug] [2026-03-16T13:34:11.673Z] Checked if tokens are valid: true, expires at: 1773669590538
[debug] [2026-03-16T13:34:11.673Z] Checked if tokens are valid: true, expires at: 1773669590538
[debug] [2026-03-16T13:34:11.673Z] >>> [apiv2][query] GET https://firebaserules.googleapis.com/v1/projects/jobseekafrica/releases pageSize=10&pageToken=
[debug] [2026-03-16T13:34:12.065Z] <<< [apiv2][status] GET https://firebaserules.googleapis.com/v1/projects/jobseekafrica/releases 200
[debug] [2026-03-16T13:34:12.066Z] <<< [apiv2][body] GET https://firebaserules.googleapis.com/v1/projects/jobseekafrica/releases {"releases":[{"name":"projects/jobseekafrica/releases/cloud.firestore","rulesetName":"projects/jobseekafrica/rulesets/2cc3dd98-0706-4726-95f1-4a1cad5f20ae","createTime":"2026-03-13T17:07:36.216302Z","updateTime":"2026-03-16T13:29:29.425899Z"}]}
[debug] [2026-03-16T13:34:12.066Z] Checked if tokens are valid: true, expires at: 1773669590538
[debug] [2026-03-16T13:34:12.067Z] Checked if tokens are valid: true, expires at: 1773669590538
[debug] [2026-03-16T13:34:12.068Z] >>> [apiv2][query] GET https://firebaserules.googleapis.com/v1/projects/jobseekafrica/rulesets/2cc3dd98-0706-4726-95f1-4a1cad5f20ae [none]
[debug] [2026-03-16T13:34:14.052Z] <<< [apiv2][status] GET https://firebaserules.googleapis.com/v1/projects/jobseekafrica/rulesets/2cc3dd98-0706-4726-95f1-4a1cad5f20ae 200
[debug] [2026-03-16T13:34:14.052Z] <<< [apiv2][body] GET https://firebaserules.googleapis.com/v1/projects/jobseekafrica/rulesets/2cc3dd98-0706-4726-95f1-4a1cad5f20ae [omitted]
[info] i  firestore: uploading rules firestore.rules... 
[debug] [2026-03-16T13:34:14.059Z] Checked if tokens are valid: true, expires at: 1773669590538
[debug] [2026-03-16T13:34:14.060Z] Checked if tokens are valid: true, expires at: 1773669590538
[debug] [2026-03-16T13:34:14.062Z] >>> [apiv2][query] POST https://firebaserules.googleapis.com/v1/projects/jobseekafrica/rulesets [none]
[debug] [2026-03-16T13:34:14.063Z] >>> [apiv2][body] POST https://firebaserules.googleapis.com/v1/projects/jobseekafrica/rulesets [omitted]
[debug] [2026-03-16T13:34:15.622Z] <<< [apiv2][status] POST https://firebaserules.googleapis.com/v1/projects/jobseekafrica/rulesets 200
[debug] [2026-03-16T13:34:15.622Z] <<< [apiv2][body] POST https://firebaserules.googleapis.com/v1/projects/jobseekafrica/rulesets {"name":"projects/jobseekafrica/rulesets/bdc67b20-e66f-4f56-94bd-a9e4712b5d40","source":{"files":[{"content":"rules_version = '2';\n\nservice cloud.firestore {\n  match /databases/{database}/documents {\n    function isSignedIn() {\n      return request.auth != null;\n    }\n\n    function isAdmin() {\n      return request.auth != null &&\n        exists(/databases/$(database)/documents/admins/$(request.auth.uid)) &&\n        get(/databases/$(database)/documents/admins/$(request.auth.uid)).data.enabled != false;\n    }\n\n    function isEmailUser() {\n      return request.auth != null &&\n        request.auth.token.email != null;\n    }\n\n    // Jobs are public read-only (written by Cloud Functions).\n    match /jobs/{jobId} {\n      allow read: if true;\n      allow create: if isAdmin() || (isEmailUser() && request.resource.data.approved == false);\n      allow update, delete: if isAdmin();\n    }\n\n    // CVs: allow creation and read. Admins can update/delete.\n    match /cvs/{cvId} {\n      allow read: if true;\n      allow create: if isSignedIn();\n      allow update: if isAdmin();\n      allow delete: if isAdmin();\n    }\n\n    // QR codes: public create/read.\n    match /qrcodes/{qrId} {\n      allow read: if true;\n      allow create: if isSignedIn();\n      allow update: if isAdmin();\n      allow delete: if isAdmin();\n    }\n\n    // Cover letters: public create/read.\n    match /letters/{letterId} {\n      allow read: if true;\n      allow create: if isSignedIn();\n      allow update: if isAdmin();\n      allow delete: if isAdmin();\n    }\n\n    // Portfolios: public create/read.\n    match /portfolios/{portfolioId} {\n      allow read: if true;\n      allow create: if isSignedIn();\n      allow update: if isAdmin();\n      allow delete: if isAdmin();\n    }\n\n    // Payments: allow create only (no public reads for privacy).\n    match /payments/{paymentId} {\n      allow create: if isSignedIn();\n      allow read: if isAdmin() || (isSignedIn() && resource.data.uid == request.auth.uid);\n      allow update: if isAdmin();\n      allow delete: if isAdmin();\n    }\n\n    // Admin allowlist (managed in Firebase Console).\n    match /admins/{adminId} {\n      allow read: if request.auth != null && request.auth.uid == adminId;\n      allow create, update, delete: if false;\n    }\n\n    // Default deny.\n    match /{document=**} {\n      allow read, write: if false;\n    }\n  }\n}\n","name":"firestore.rules"}]},"createTime":"2026-03-16T13:34:14.010703Z","metadata":{"services":["cloud.firestore"]}}
[debug] [2026-03-16T13:34:15.623Z] [rules] created ruleset projects/jobseekafrica/rulesets/bdc67b20-e66f-4f56-94bd-a9e4712b5d40
[debug] [2026-03-16T13:34:15.625Z] [rules] releasing cloud.firestore/(default) with ruleset projects/jobseekafrica/rulesets/bdc67b20-e66f-4f56-94bd-a9e4712b5d40
[debug] [2026-03-16T13:34:15.626Z] Checked if tokens are valid: true, expires at: 1773669590538
[debug] [2026-03-16T13:34:15.627Z] Checked if tokens are valid: true, expires at: 1773669590538
[debug] [2026-03-16T13:34:15.627Z] >>> [apiv2][query] PATCH https://firebaserules.googleapis.com/v1/projects/jobseekafrica/releases/cloud.firestore/(default) [none]
[debug] [2026-03-16T13:34:15.627Z] >>> [apiv2][body] PATCH https://firebaserules.googleapis.com/v1/projects/jobseekafrica/releases/cloud.firestore/(default) {"release":{"name":"projects/jobseekafrica/releases/cloud.firestore/(default)","rulesetName":"projects/jobseekafrica/rulesets/bdc67b20-e66f-4f56-94bd-a9e4712b5d40"}}
[debug] [2026-03-16T13:34:16.922Z] <<< [apiv2][status] PATCH https://firebaserules.googleapis.com/v1/projects/jobseekafrica/releases/cloud.firestore/(default) 200
[debug] [2026-03-16T13:34:16.922Z] <<< [apiv2][body] PATCH https://firebaserules.googleapis.com/v1/projects/jobseekafrica/releases/cloud.firestore/(default) {"name":"projects/jobseekafrica/releases/cloud.firestore","rulesetName":"projects/jobseekafrica/rulesets/bdc67b20-e66f-4f56-94bd-a9e4712b5d40","createTime":"2026-03-13T17:07:36.216302Z","updateTime":"2026-03-16T13:34:15.622158Z"}
[debug] [2026-03-16T13:34:16.923Z] [rules] updated release projects/jobseekafrica/releases/cloud.firestore
[info] +  firestore: released rules firestore.rules to cloud.firestore 
[info] 
[info] +  Deploy complete! 
[info] 
[info] Project Console: https://console.firebase.google.com/project/jobseekafrica/overview
[debug] [2026-03-16T13:50:22.378Z] ----------------------------------------------------------------------
[debug] [2026-03-16T13:50:22.381Z] Command:       C:\Program Files\nodejs\node.exe C:\Users\HP\AppData\Roaming\npm\node_modules\firebase-tools\lib\bin\firebase.js deploy --only firestore:rules --project jobseekafrica
[debug] [2026-03-16T13:50:22.381Z] CLI Version:   15.10.0
[debug] [2026-03-16T13:50:22.381Z] Platform:      win32
[debug] [2026-03-16T13:50:22.381Z] Node Version:  v24.14.0
[debug] [2026-03-16T13:50:22.381Z] Time:          Mon Mar 16 2026 16:50:22 GMT+0300 (East Africa Time)
[debug] [2026-03-16T13:50:22.382Z] ----------------------------------------------------------------------
[debug] 
[debug] [2026-03-16T13:50:24.082Z] > command requires scopes: ["email","openid","https://www.googleapis.com/auth/cloudplatformprojects.readonly","https://www.googleapis.com/auth/firebase","https://www.googleapis.com/auth/cloud-platform"]
[debug] [2026-03-16T13:50:24.083Z] > authorizing via signed-in user (purinekaka70@gmail.com)
[debug] [2026-03-16T13:50:24.083Z] [iam] checking project jobseekafrica for permissions ["datastore.indexes.create","datastore.indexes.delete","datastore.indexes.list","datastore.indexes.update","firebase.projects.get"]
[debug] [2026-03-16T13:50:24.085Z] Checked if tokens are valid: false, expires at: 1773669590538
[debug] [2026-03-16T13:50:24.085Z] Checked if tokens are valid: false, expires at: 1773669590538
[debug] [2026-03-16T13:50:24.085Z] > refreshing access token with scopes: []
[debug] [2026-03-16T13:50:24.087Z] >>> [apiv2][query] POST https://www.googleapis.com/oauth2/v3/token [none]
[debug] [2026-03-16T13:50:24.087Z] >>> [apiv2][body] POST https://www.googleapis.com/oauth2/v3/token [omitted]
[debug] [2026-03-16T13:50:28.250Z] <<< [apiv2][status] POST https://www.googleapis.com/oauth2/v3/token 200
[debug] [2026-03-16T13:50:28.250Z] <<< [apiv2][body] POST https://www.googleapis.com/oauth2/v3/token [omitted]
[debug] [2026-03-16T13:50:28.268Z] >>> [apiv2][query] POST https://cloudresourcemanager.googleapis.com/v1/projects/jobseekafrica:testIamPermissions [none]
[debug] [2026-03-16T13:50:28.268Z] >>> [apiv2][(partial)header] POST https://cloudresourcemanager.googleapis.com/v1/projects/jobseekafrica:testIamPermissions  x-goog-user-project=jobseekafrica
[debug] [2026-03-16T13:50:28.268Z] >>> [apiv2][body] POST https://cloudresourcemanager.googleapis.com/v1/projects/jobseekafrica:testIamPermissions {"permissions":["datastore.indexes.create","datastore.indexes.delete","datastore.indexes.list","datastore.indexes.update","firebase.projects.get"]}
[debug] [2026-03-16T13:50:30.049Z] <<< [apiv2][status] POST https://cloudresourcemanager.googleapis.com/v1/projects/jobseekafrica:testIamPermissions 200
[debug] [2026-03-16T13:50:30.049Z] <<< [apiv2][body] POST https://cloudresourcemanager.googleapis.com/v1/projects/jobseekafrica:testIamPermissions {"permissions":["datastore.indexes.create","datastore.indexes.delete","datastore.indexes.list","datastore.indexes.update","firebase.projects.get"]}
[info] 
[info] === Deploying to 'jobseekafrica'...
[info] 
[info] i  deploying firestore 
[info] i  firestore: ensuring required API firestore.googleapis.com is enabled... 
[info] i  firestore: ensuring required API firestore.googleapis.com is enabled... 
[debug] [2026-03-16T13:50:30.057Z] Checked if tokens are valid: true, expires at: 1773672627251
[debug] [2026-03-16T13:50:30.058Z] Checked if tokens are valid: true, expires at: 1773672627251
[debug] [2026-03-16T13:50:30.058Z] >>> [apiv2][query] GET https://firestore.googleapis.com/v1/projects/jobseekafrica/databases/(default) [none]
[debug] [2026-03-16T13:50:31.648Z] <<< [apiv2][status] GET https://firestore.googleapis.com/v1/projects/jobseekafrica/databases/(default) 200
[debug] [2026-03-16T13:50:31.649Z] <<< [apiv2][body] GET https://firestore.googleapis.com/v1/projects/jobseekafrica/databases/(default) {"name":"projects/jobseekafrica/databases/(default)","uid":"6bbcf887-103d-40ce-b408-43ab8f5752d0","createTime":"2026-03-13T17:07:30.930714Z","updateTime":"2026-03-13T17:07:30.930714Z","locationId":"nam5","type":"FIRESTORE_NATIVE","concurrencyMode":"PESSIMISTIC","versionRetentionPeriod":"3600s","earliestVersionTime":"2026-03-16T12:50:31.186030Z","appEngineIntegrationMode":"DISABLED","keyPrefix":"s","pointInTimeRecoveryEnablement":"POINT_IN_TIME_RECOVERY_DISABLED","deleteProtectionState":"DELETE_PROTECTION_DISABLED","databaseEdition":"STANDARD","freeTier":true,"realtimeUpdatesMode":"REALTIME_UPDATES_MODE_ENABLED","etag":"IOiXtoTIpJMDMMbcn8yunZMD"}
[info] i  firestore: reading indexes from firestore.indexes.json... 
[info] i  cloud.firestore: checking firestore.rules for compilation errors... 
[debug] [2026-03-16T13:50:31.652Z] Checked if tokens are valid: true, expires at: 1773672627251
[debug] [2026-03-16T13:50:31.652Z] Checked if tokens are valid: true, expires at: 1773672627251
[debug] [2026-03-16T13:50:31.653Z] >>> [apiv2][query] POST https://firebaserules.googleapis.com/v1/projects/jobseekafrica:test [none]
[debug] [2026-03-16T13:50:31.653Z] >>> [apiv2][body] POST https://firebaserules.googleapis.com/v1/projects/jobseekafrica:test [omitted]
[debug] [2026-03-16T13:50:32.798Z] <<< [apiv2][status] POST https://firebaserules.googleapis.com/v1/projects/jobseekafrica:test 200
[debug] [2026-03-16T13:50:32.798Z] <<< [apiv2][body] POST https://firebaserules.googleapis.com/v1/projects/jobseekafrica:test {}
[info] +  cloud.firestore: rules file firestore.rules compiled successfully 
[debug] [2026-03-16T13:50:32.800Z] Checked if tokens are valid: true, expires at: 1773672627251
[debug] [2026-03-16T13:50:32.800Z] Checked if tokens are valid: true, expires at: 1773672627251
[debug] [2026-03-16T13:50:32.800Z] >>> [apiv2][query] GET https://firebaserules.googleapis.com/v1/projects/jobseekafrica/releases pageSize=10&pageToken=
[debug] [2026-03-16T13:50:33.543Z] <<< [apiv2][status] GET https://firebaserules.googleapis.com/v1/projects/jobseekafrica/releases 200
[debug] [2026-03-16T13:50:33.543Z] <<< [apiv2][body] GET https://firebaserules.googleapis.com/v1/projects/jobseekafrica/releases {"releases":[{"name":"projects/jobseekafrica/releases/cloud.firestore","rulesetName":"projects/jobseekafrica/rulesets/bdc67b20-e66f-4f56-94bd-a9e4712b5d40","createTime":"2026-03-13T17:07:36.216302Z","updateTime":"2026-03-16T13:34:15.622158Z"}]}
[debug] [2026-03-16T13:50:33.544Z] Checked if tokens are valid: true, expires at: 1773672627251
[debug] [2026-03-16T13:50:33.544Z] Checked if tokens are valid: true, expires at: 1773672627251
[debug] [2026-03-16T13:50:33.544Z] >>> [apiv2][query] GET https://firebaserules.googleapis.com/v1/projects/jobseekafrica/rulesets/bdc67b20-e66f-4f56-94bd-a9e4712b5d40 [none]
[debug] [2026-03-16T13:50:34.281Z] <<< [apiv2][status] GET https://firebaserules.googleapis.com/v1/projects/jobseekafrica/rulesets/bdc67b20-e66f-4f56-94bd-a9e4712b5d40 200
[debug] [2026-03-16T13:50:34.281Z] <<< [apiv2][body] GET https://firebaserules.googleapis.com/v1/projects/jobseekafrica/rulesets/bdc67b20-e66f-4f56-94bd-a9e4712b5d40 [omitted]
[info] i  firestore: uploading rules firestore.rules... 
[debug] [2026-03-16T13:50:34.286Z] Checked if tokens are valid: true, expires at: 1773672627251
[debug] [2026-03-16T13:50:34.286Z] Checked if tokens are valid: true, expires at: 1773672627251
[debug] [2026-03-16T13:50:34.286Z] >>> [apiv2][query] POST https://firebaserules.googleapis.com/v1/projects/jobseekafrica/rulesets [none]
[debug] [2026-03-16T13:50:34.286Z] >>> [apiv2][body] POST https://firebaserules.googleapis.com/v1/projects/jobseekafrica/rulesets [omitted]
[debug] [2026-03-16T13:50:34.755Z] <<< [apiv2][status] POST https://firebaserules.googleapis.com/v1/projects/jobseekafrica/rulesets 200
[debug] [2026-03-16T13:50:34.756Z] <<< [apiv2][body] POST https://firebaserules.googleapis.com/v1/projects/jobseekafrica/rulesets {"name":"projects/jobseekafrica/rulesets/74b6a699-b0c1-4bb9-a2f0-255624f039d6","source":{"files":[{"content":"rules_version = '2';\n\nservice cloud.firestore {\n  match /databases/{database}/documents {\n    function isSignedIn() {\n      return request.auth != null;\n    }\n\n    function isAdmin() {\n      return request.auth != null &&\n        exists(/databases/$(database)/documents/admins/$(request.auth.uid)) &&\n        get(/databases/$(database)/documents/admins/$(request.auth.uid)).data.enabled != false;\n    }\n\n    function isEmailUser() {\n      return request.auth != null &&\n        request.auth.token.email != null;\n    }\n\n    // Jobs are public read-only (written by Cloud Functions).\n    match /jobs/{jobId} {\n      allow read: if true;\n      allow create: if isAdmin() || (isEmailUser() && request.resource.data.approved == false);\n      allow update, delete: if isAdmin();\n    }\n\n    // CVs: allow creation and read. Admins can update/delete.\n    match /cvs/{cvId} {\n      allow read: if true;\n      allow create: if isSignedIn();\n      allow update: if isAdmin();\n      allow delete: if isAdmin();\n    }\n\n    // QR codes: public create/read.\n    match /qrcodes/{qrId} {\n      allow read: if true;\n      allow create: if isSignedIn();\n      allow update: if isAdmin();\n      allow delete: if isAdmin();\n    }\n\n    // Cover letters: public create/read.\n    match /letters/{letterId} {\n      allow read: if true;\n      allow create: if isSignedIn();\n      allow update: if isAdmin();\n      allow delete: if isAdmin();\n    }\n\n    // Portfolios: public create/read.\n    match /portfolios/{portfolioId} {\n      allow read: if true;\n      allow create: if isSignedIn();\n      allow update: if isAdmin();\n      allow delete: if isAdmin();\n    }\n\n    // Payments: allow create only (no public reads for privacy).\n    match /payments/{paymentId} {\n      allow create: if isSignedIn();\n      allow read: if isAdmin() || (isSignedIn() && resource.data.uid == request.auth.uid);\n      allow update: if isAdmin();\n      allow delete: if isAdmin();\n    }\n\n    // Admin allowlist (managed in Firebase Console).\n    match /admins/{adminId} {\n      allow read: if request.auth != null && request.auth.uid == adminId;\n      allow create, update, delete: if false;\n    }\n\n    // User profiles.\n    match /users/{userId} {\n      allow read: if isAdmin() || (request.auth != null && request.auth.uid == userId);\n      allow create, update: if request.auth != null && request.auth.uid == userId;\n      allow delete: if isAdmin();\n    }\n\n    // Default deny.\n    match /{document=**} {\n      allow read, write: if false;\n    }\n  }\n}\n","name":"firestore.rules"}]},"createTime":"2026-03-16T13:50:34.275167Z","metadata":{"services":["cloud.firestore"]}}
[debug] [2026-03-16T13:50:34.757Z] [rules] created ruleset projects/jobseekafrica/rulesets/74b6a699-b0c1-4bb9-a2f0-255624f039d6
[debug] [2026-03-16T13:50:34.760Z] [rules] releasing cloud.firestore/(default) with ruleset projects/jobseekafrica/rulesets/74b6a699-b0c1-4bb9-a2f0-255624f039d6
[debug] [2026-03-16T13:50:34.762Z] Checked if tokens are valid: true, expires at: 1773672627251
[debug] [2026-03-16T13:50:34.763Z] Checked if tokens are valid: true, expires at: 1773672627251
[debug] [2026-03-16T13:50:34.764Z] >>> [apiv2][query] PATCH https://firebaserules.googleapis.com/v1/projects/jobseekafrica/releases/cloud.firestore/(default) [none]
[debug] [2026-03-16T13:50:34.764Z] >>> [apiv2][body] PATCH https://firebaserules.googleapis.com/v1/projects/jobseekafrica/releases/cloud.firestore/(default) {"release":{"name":"projects/jobseekafrica/releases/cloud.firestore/(default)","rulesetName":"projects/jobseekafrica/rulesets/74b6a699-b0c1-4bb9-a2f0-255624f039d6"}}
[debug] [2026-03-16T13:50:35.341Z] <<< [apiv2][status] PATCH https://firebaserules.googleapis.com/v1/projects/jobseekafrica/releases/cloud.firestore/(default) 200
[debug] [2026-03-16T13:50:35.342Z] <<< [apiv2][body] PATCH https://firebaserules.googleapis.com/v1/projects/jobseekafrica/releases/cloud.firestore/(default) {"name":"projects/jobseekafrica/releases/cloud.firestore","rulesetName":"projects/jobseekafrica/rulesets/74b6a699-b0c1-4bb9-a2f0-255624f039d6","createTime":"2026-03-13T17:07:36.216302Z","updateTime":"2026-03-16T13:50:34.847324Z"}
[debug] [2026-03-16T13:50:35.342Z] [rules] updated release projects/jobseekafrica/releases/cloud.firestore
[info] +  firestore: released rules firestore.rules to cloud.firestore 
[info] 
[info] +  Deploy complete! 
[info] 
[info] Project Console: https://console.firebase.google.com/project/jobseekafrica/overview
[debug] [2026-03-17T19:41:40.659Z] ----------------------------------------------------------------------
[debug] [2026-03-17T19:41:40.664Z] Command:       C:\Program Files\nodejs\node.exe C:\Users\HP\AppData\Roaming\npm\node_modules\firebase-tools\lib\bin\firebase.js deploy --only firestore:rules --project jobseekafrica
[debug] [2026-03-17T19:41:40.664Z] CLI Version:   15.10.0
[debug] [2026-03-17T19:41:40.664Z] Platform:      win32
[debug] [2026-03-17T19:41:40.664Z] Node Version:  v24.14.0
[debug] [2026-03-17T19:41:40.665Z] Time:          Tue Mar 17 2026 22:41:40 GMT+0300 (East Africa Time)
[debug] [2026-03-17T19:41:40.665Z] ----------------------------------------------------------------------
[debug] 
[debug] [2026-03-17T19:41:40.669Z] >>> [apiv2][query] GET https://firebase-public.firebaseio.com/cli.json [none]
[debug] [2026-03-17T19:41:45.671Z] > command requires scopes: ["email","openid","https://www.googleapis.com/auth/cloudplatformprojects.readonly","https://www.googleapis.com/auth/firebase","https://www.googleapis.com/auth/cloud-platform"]
[debug] [2026-03-17T19:41:45.673Z] > authorizing via signed-in user (purinekaka70@gmail.com)
[debug] [2026-03-17T19:41:45.674Z] [iam] checking project jobseekafrica for permissions ["datastore.indexes.create","datastore.indexes.delete","datastore.indexes.list","datastore.indexes.update","firebase.projects.get"]
[debug] [2026-03-17T19:41:45.675Z] Checked if tokens are valid: false, expires at: 1773672627251
[debug] [2026-03-17T19:41:45.675Z] Checked if tokens are valid: false, expires at: 1773672627251
[debug] [2026-03-17T19:41:45.676Z] > refreshing access token with scopes: []
[debug] [2026-03-17T19:41:45.678Z] >>> [apiv2][query] POST https://www.googleapis.com/oauth2/v3/token [none]
[debug] [2026-03-17T19:41:45.678Z] >>> [apiv2][body] POST https://www.googleapis.com/oauth2/v3/token [omitted]
[debug] [2026-03-17T19:41:45.692Z] *** [apiv2] error from fetch(https://firebase-public.firebaseio.com/cli.json, {"headers":{},"method":"GET","agent":{"_events":{},"_eventsCount":2,"options":{"noDelay":true,"path":null},"requests":{},"sockets":{"firebase-public.firebaseio.com:443:::::::::::::::::::::":[]},"freeSockets":{},"keepAliveMsecs":1000,"keepAlive":false,"maxSockets":null,"maxFreeSockets":256,"scheduling":"lifo","maxTotalSockets":null,"totalSocketCount":0,"agentKeepAliveTimeoutBuffer":1000,"cache":{"max":20,"maxSize":0,"maxEntrySize":0,"fetchMethod":null,"keyMap":{},"keyList":["https:+http://127.0.0.1:9",null,null,null,null,null,null,null,null,null,null,null,null,null,null,null,null,null,null,null],"valList":[{"_events":{},"_eventsCount":2,"options":{},"requests":{},"sockets":{"firebase-public.firebaseio.com:443:::::::::::::::::::::":[]},"freeSockets":{},"keepAliveMsecs":1000,"keepAlive":false,"maxSockets":null,"maxFreeSockets":256,"scheduling":"lifo","maxTotalSockets":null,"totalSocketCount":0,"agentKeepAliveTimeoutBuffer":1000,"proxy":"http://127.0.0.1:9/","proxyHeaders":{},"connectOpts":{"ALPNProtocols":["http/1.1"],"host":"127.0.0.1","port":9}},null,null,null,null,null,null,null,null,null,null,null,null,null,null,null,null,null,null,null],"next":{"0":0,"1":0,"2":0,"3":0,"4":0,"5":0,"6":0,"7":0,"8":0,"9":0,"10":0,"11":0,"12":0,"13":0,"14":0,"15":0,"16":0,"17":0,"18":0,"19":0},"prev":{"0":0,"1":0,"2":0,"3":0,"4":0,"5":0,"6":0,"7":0,"8":0,"9":0,"10":0,"11":0,"12":0,"13":0,"14":0,"15":0,"16":0,"17":0,"18":0,"19":0},"head":0,"tail":0,"free":{"heap":{"0":0,"1":0,"2":0,"3":0,"4":0,"5":0,"6":0,"7":0,"8":0,"9":0,"10":0,"11":0,"12":0,"13":0,"14":0,"15":0,"16":0,"17":0,"18":0,"19":0},"length":0},"initialFill":1,"size":1,"disposeAfter":null,"disposed":null,"noDisposeOnSet":false,"noUpdateTTL":false,"noDeleteOnFetchRejection":false,"allowStaleOnFetchRejection":false,"allowStaleOnFetchAbort":false,"ignoreFetchAbort":false,"allowStale":false,"noDeleteOnStaleGet":false,"updateAgeOnGet":false,"updateAgeOnHas":false,"ttlResolution":1,"ttlAutopurge":false,"ttl":0},"httpAgent":{"_events":{},"_eventsCount":2,"options":{"noDelay":true,"path":null},"defaultPort":80,"protocol":"http:","requests":{},"sockets":{},"freeSockets":{},"keepAliveMsecs":1000,"keepAlive":false,"maxSockets":null,"maxFreeSockets":256,"scheduling":"lifo","maxTotalSockets":null,"totalSocketCount":0,"agentKeepAliveTimeoutBuffer":1000},"httpsAgent":{"_events":{},"_eventsCount":2,"options":{"defaultPort":443,"protocol":"https:","noDelay":true,"path":null},"defaultPort":443,"protocol":"https:","requests":{},"sockets":{},"freeSockets":{},"keepAliveMsecs":1000,"keepAlive":false,"maxSockets":null,"maxFreeSockets":256,"scheduling":"lifo","maxTotalSockets":null,"totalSocketCount":0,"agentKeepAliveTimeoutBuffer":1000,"maxCachedSessions":100,"_sessionCache":{"map":{},"list":[]}}}}): FetchError: request to https://firebase-public.firebaseio.com/cli.json failed, reason: connect ECONNREFUSED 127.0.0.1:9
[warn] !  Unable to fetch the CLI MOTD and remote config. This is not a fatal error, but may indicate an issue with your network connection. 
[debug] [2026-03-17T19:41:45.693Z] Failed to fetch MOTD FirebaseError: Failed to make request to https://firebase-public.firebaseio.com/cli.json
[debug] [2026-03-17T19:41:45.694Z] *** [apiv2] error from fetch(https://www.googleapis.com/oauth2/v3/token, {"headers":{},"method":"POST","agent":{"_events":{},"_eventsCount":2,"options":{"noDelay":true,"path":null},"requests":{},"sockets":{"www.googleapis.com:443:::::::::::::::::::::":[]},"freeSockets":{},"keepAliveMsecs":1000,"keepAlive":false,"maxSockets":null,"maxFreeSockets":256,"scheduling":"lifo","maxTotalSockets":null,"totalSocketCount":0,"agentKeepAliveTimeoutBuffer":1000,"cache":{"max":20,"maxSize":0,"maxEntrySize":0,"fetchMethod":null,"keyMap":{},"keyList":["https:+http://127.0.0.1:9",null,null,null,null,null,null,null,null,null,null,null,null,null,null,null,null,null,null,null],"valList":[{"_events":{},"_eventsCount":2,"options":{},"requests":{},"sockets":{"www.googleapis.com:443:::::::::::::::::::::":[]},"freeSockets":{},"keepAliveMsecs":1000,"keepAlive":false,"maxSockets":null,"maxFreeSockets":256,"scheduling":"lifo","maxTotalSockets":null,"totalSocketCount":0,"agentKeepAliveTimeoutBuffer":1000,"proxy":"http://127.0.0.1:9/","proxyHeaders":{},"connectOpts":{"ALPNProtocols":["http/1.1"],"host":"127.0.0.1","port":9}},null,null,null,null,null,null,null,null,null,null,null,null,null,null,null,null,null,null,null],"next":{"0":0,"1":0,"2":0,"3":0,"4":0,"5":0,"6":0,"7":0,"8":0,"9":0,"10":0,"11":0,"12":0,"13":0,"14":0,"15":0,"16":0,"17":0,"18":0,"19":0},"prev":{"0":0,"1":0,"2":0,"3":0,"4":0,"5":0,"6":0,"7":0,"8":0,"9":0,"10":0,"11":0,"12":0,"13":0,"14":0,"15":0,"16":0,"17":0,"18":0,"19":0},"head":0,"tail":0,"free":{"heap":{"0":0,"1":0,"2":0,"3":0,"4":0,"5":0,"6":0,"7":0,"8":0,"9":0,"10":0,"11":0,"12":0,"13":0,"14":0,"15":0,"16":0,"17":0,"18":0,"19":0},"length":0},"initialFill":1,"size":1,"disposeAfter":null,"disposed":null,"noDisposeOnSet":false,"noUpdateTTL":false,"noDeleteOnFetchRejection":false,"allowStaleOnFetchRejection":false,"allowStaleOnFetchAbort":false,"ignoreFetchAbort":false,"allowStale":false,"noDeleteOnStaleGet":false,"updateAgeOnGet":false,"updateAgeOnHas":false,"ttlResolution":1,"ttlAutopurge":false,"ttl":0},"httpAgent":{"_events":{},"_eventsCount":2,"options":{"noDelay":true,"path":null},"defaultPort":80,"protocol":"http:","requests":{},"sockets":{},"freeSockets":{},"keepAliveMsecs":1000,"keepAlive":false,"maxSockets":null,"maxFreeSockets":256,"scheduling":"lifo","maxTotalSockets":null,"totalSocketCount":0,"agentKeepAliveTimeoutBuffer":1000},"httpsAgent":{"_events":{},"_eventsCount":2,"options":{"defaultPort":443,"protocol":"https:","noDelay":true,"path":null},"defaultPort":443,"protocol":"https:","requests":{},"sockets":{},"freeSockets":{},"keepAliveMsecs":1000,"keepAlive":false,"maxSockets":null,"maxFreeSockets":256,"scheduling":"lifo","maxTotalSockets":null,"totalSocketCount":0,"agentKeepAliveTimeoutBuffer":1000,"maxCachedSessions":100,"_sessionCache":{"map":{},"list":[]}}},"body":{"_overheadLength":545,"_valueLength":212,"_valuesToMeasure":[],"writable":false,"readable":true,"dataSize":0,"maxDataSize":2097152,"pauseStreams":true,"_released":true,"_streams":[],"_currentStream":null,"_insideLoop":false,"_pendingNext":false,"_boundary":"--------------------------9b30620524ff0b729ec63d4e","_events":{},"_eventsCount":1}}): FetchError: request to https://www.googleapis.com/oauth2/v3/token failed, reason: connect ECONNREFUSED 127.0.0.1:9
[error] Authentication Error: Your credentials are no longer valid. Please run firebase login --reauth

For CI servers and headless environments, generate a new token with firebase login:ci
[debug] [2026-03-17T19:41:45.694Z] [iam] error while checking permissions, command may fail: Authentication Error: Your credentials are no longer valid. Please run firebase login --reauth

For CI servers and headless environments, generate a new token with firebase login:ci
[info] 
[info] === Deploying to 'jobseekafrica'...
[info] 
[info] i  deploying firestore 
[info] i  firestore: ensuring required API firestore.googleapis.com is enabled... 
[info] i  firestore: ensuring required API firestore.googleapis.com is enabled... 
[debug] [2026-03-17T19:41:45.699Z] Checked if tokens are valid: false, expires at: 1773672627251
[debug] [2026-03-17T19:41:45.699Z] Checked if tokens are valid: false, expires at: 1773672627251
[debug] [2026-03-17T19:41:45.699Z] > refreshing access token with scopes: []
[debug] [2026-03-17T19:41:45.700Z] >>> [apiv2][query] POST https://www.googleapis.com/oauth2/v3/token [none]
[debug] [2026-03-17T19:41:45.700Z] >>> [apiv2][body] POST https://www.googleapis.com/oauth2/v3/token [omitted]
[debug] [2026-03-17T19:41:45.707Z] *** [apiv2] error from fetch(https://www.googleapis.com/oauth2/v3/token, {"headers":{},"method":"POST","agent":{"_events":{},"_eventsCount":2,"options":{"noDelay":true,"path":null},"requests":{},"sockets":{"www.googleapis.com:443:::::::::::::::::::::":[]},"freeSockets":{},"keepAliveMsecs":1000,"keepAlive":false,"maxSockets":null,"maxFreeSockets":256,"scheduling":"lifo","maxTotalSockets":null,"totalSocketCount":0,"agentKeepAliveTimeoutBuffer":1000,"cache":{"max":20,"maxSize":0,"maxEntrySize":0,"fetchMethod":null,"keyMap":{},"keyList":["https:+http://127.0.0.1:9",null,null,null,null,null,null,null,null,null,null,null,null,null,null,null,null,null,null,null],"valList":[{"_events":{},"_eventsCount":2,"options":{},"requests":{},"sockets":{"www.googleapis.com:443:::::::::::::::::::::":[]},"freeSockets":{},"keepAliveMsecs":1000,"keepAlive":false,"maxSockets":null,"maxFreeSockets":256,"scheduling":"lifo","maxTotalSockets":null,"totalSocketCount":0,"agentKeepAliveTimeoutBuffer":1000,"proxy":"http://127.0.0.1:9/","proxyHeaders":{},"connectOpts":{"ALPNProtocols":["http/1.1"],"host":"127.0.0.1","port":9}},null,null,null,null,null,null,null,null,null,null,null,null,null,null,null,null,null,null,null],"next":{"0":0,"1":0,"2":0,"3":0,"4":0,"5":0,"6":0,"7":0,"8":0,"9":0,"10":0,"11":0,"12":0,"13":0,"14":0,"15":0,"16":0,"17":0,"18":0,"19":0},"prev":{"0":0,"1":0,"2":0,"3":0,"4":0,"5":0,"6":0,"7":0,"8":0,"9":0,"10":0,"11":0,"12":0,"13":0,"14":0,"15":0,"16":0,"17":0,"18":0,"19":0},"head":0,"tail":0,"free":{"heap":{"0":0,"1":0,"2":0,"3":0,"4":0,"5":0,"6":0,"7":0,"8":0,"9":0,"10":0,"11":0,"12":0,"13":0,"14":0,"15":0,"16":0,"17":0,"18":0,"19":0},"length":0},"initialFill":1,"size":1,"disposeAfter":null,"disposed":null,"noDisposeOnSet":false,"noUpdateTTL":false,"noDeleteOnFetchRejection":false,"allowStaleOnFetchRejection":false,"allowStaleOnFetchAbort":false,"ignoreFetchAbort":false,"allowStale":false,"noDeleteOnStaleGet":false,"updateAgeOnGet":false,"updateAgeOnHas":false,"ttlResolution":1,"ttlAutopurge":false,"ttl":0},"httpAgent":{"_events":{},"_eventsCount":2,"options":{"noDelay":true,"path":null},"defaultPort":80,"protocol":"http:","requests":{},"sockets":{},"freeSockets":{},"keepAliveMsecs":1000,"keepAlive":false,"maxSockets":null,"maxFreeSockets":256,"scheduling":"lifo","maxTotalSockets":null,"totalSocketCount":0,"agentKeepAliveTimeoutBuffer":1000},"httpsAgent":{"_events":{},"_eventsCount":2,"options":{"defaultPort":443,"protocol":"https:","noDelay":true,"path":null},"defaultPort":443,"protocol":"https:","requests":{},"sockets":{},"freeSockets":{},"keepAliveMsecs":1000,"keepAlive":false,"maxSockets":null,"maxFreeSockets":256,"scheduling":"lifo","maxTotalSockets":null,"totalSocketCount":0,"agentKeepAliveTimeoutBuffer":1000,"maxCachedSessions":100,"_sessionCache":{"map":{},"list":[]}}},"body":{"_overheadLength":545,"_valueLength":212,"_valuesToMeasure":[],"writable":false,"readable":true,"dataSize":0,"maxDataSize":2097152,"pauseStreams":true,"_released":true,"_streams":[],"_currentStream":null,"_insideLoop":false,"_pendingNext":false,"_boundary":"--------------------------cbf8884e13e565fa91e496be","_events":{},"_eventsCount":1}}): FetchError: request to https://www.googleapis.com/oauth2/v3/token failed, reason: connect ECONNREFUSED 127.0.0.1:9
[error] Authentication Error: Your credentials are no longer valid. Please run firebase login --reauth

For CI servers and headless environments, generate a new token with firebase login:ci
[info] i  firestore: reading indexes from firestore.indexes.json... 
[info] i  cloud.firestore: checking firestore.rules for compilation errors... 
[debug] [2026-03-17T19:41:45.711Z] Checked if tokens are valid: false, expires at: 1773672627251
[debug] [2026-03-17T19:41:45.711Z] Checked if tokens are valid: false, expires at: 1773672627251
[debug] [2026-03-17T19:41:45.711Z] > refreshing access token with scopes: []
[debug] [2026-03-17T19:41:45.712Z] >>> [apiv2][query] POST https://www.googleapis.com/oauth2/v3/token [none]
[debug] [2026-03-17T19:41:45.712Z] >>> [apiv2][body] POST https://www.googleapis.com/oauth2/v3/token [omitted]
[debug] [2026-03-17T19:41:45.717Z] *** [apiv2] error from fetch(https://www.googleapis.com/oauth2/v3/token, {"headers":{},"method":"POST","agent":{"_events":{},"_eventsCount":2,"options":{"noDelay":true,"path":null},"requests":{},"sockets":{"www.googleapis.com:443:::::::::::::::::::::":[]},"freeSockets":{},"keepAliveMsecs":1000,"keepAlive":false,"maxSockets":null,"maxFreeSockets":256,"scheduling":"lifo","maxTotalSockets":null,"totalSocketCount":0,"agentKeepAliveTimeoutBuffer":1000,"cache":{"max":20,"maxSize":0,"maxEntrySize":0,"fetchMethod":null,"keyMap":{},"keyList":["https:+http://127.0.0.1:9",null,null,null,null,null,null,null,null,null,null,null,null,null,null,null,null,null,null,null],"valList":[{"_events":{},"_eventsCount":2,"options":{},"requests":{},"sockets":{"www.googleapis.com:443:::::::::::::::::::::":[]},"freeSockets":{},"keepAliveMsecs":1000,"keepAlive":false,"maxSockets":null,"maxFreeSockets":256,"scheduling":"lifo","maxTotalSockets":null,"totalSocketCount":0,"agentKeepAliveTimeoutBuffer":1000,"proxy":"http://127.0.0.1:9/","proxyHeaders":{},"connectOpts":{"ALPNProtocols":["http/1.1"],"host":"127.0.0.1","port":9}},null,null,null,null,null,null,null,null,null,null,null,null,null,null,null,null,null,null,null],"next":{"0":0,"1":0,"2":0,"3":0,"4":0,"5":0,"6":0,"7":0,"8":0,"9":0,"10":0,"11":0,"12":0,"13":0,"14":0,"15":0,"16":0,"17":0,"18":0,"19":0},"prev":{"0":0,"1":0,"2":0,"3":0,"4":0,"5":0,"6":0,"7":0,"8":0,"9":0,"10":0,"11":0,"12":0,"13":0,"14":0,"15":0,"16":0,"17":0,"18":0,"19":0},"head":0,"tail":0,"free":{"heap":{"0":0,"1":0,"2":0,"3":0,"4":0,"5":0,"6":0,"7":0,"8":0,"9":0,"10":0,"11":0,"12":0,"13":0,"14":0,"15":0,"16":0,"17":0,"18":0,"19":0},"length":0},"initialFill":1,"size":1,"disposeAfter":null,"disposed":null,"noDisposeOnSet":false,"noUpdateTTL":false,"noDeleteOnFetchRejection":false,"allowStaleOnFetchRejection":false,"allowStaleOnFetchAbort":false,"ignoreFetchAbort":false,"allowStale":false,"noDeleteOnStaleGet":false,"updateAgeOnGet":false,"updateAgeOnHas":false,"ttlResolution":1,"ttlAutopurge":false,"ttl":0},"httpAgent":{"_events":{},"_eventsCount":2,"options":{"noDelay":true,"path":null},"defaultPort":80,"protocol":"http:","requests":{},"sockets":{},"freeSockets":{},"keepAliveMsecs":1000,"keepAlive":false,"maxSockets":null,"maxFreeSockets":256,"scheduling":"lifo","maxTotalSockets":null,"totalSocketCount":0,"agentKeepAliveTimeoutBuffer":1000},"httpsAgent":{"_events":{},"_eventsCount":2,"options":{"defaultPort":443,"protocol":"https:","noDelay":true,"path":null},"defaultPort":443,"protocol":"https:","requests":{},"sockets":{},"freeSockets":{},"keepAliveMsecs":1000,"keepAlive":false,"maxSockets":null,"maxFreeSockets":256,"scheduling":"lifo","maxTotalSockets":null,"totalSocketCount":0,"agentKeepAliveTimeoutBuffer":1000,"maxCachedSessions":100,"_sessionCache":{"map":{},"list":[]}}},"body":{"_overheadLength":545,"_valueLength":212,"_valuesToMeasure":[],"writable":false,"readable":true,"dataSize":0,"maxDataSize":2097152,"pauseStreams":true,"_released":true,"_streams":[],"_currentStream":null,"_insideLoop":false,"_pendingNext":false,"_boundary":"--------------------------5f541f08757b84f20d1a013e","_events":{},"_eventsCount":1}}): FetchError: request to https://www.googleapis.com/oauth2/v3/token failed, reason: connect ECONNREFUSED 127.0.0.1:9
[error] Authentication Error: Your credentials are no longer valid. Please run firebase login --reauth

For CI servers and headless environments, generate a new token with firebase login:ci
[error] 
[error] Error: Authentication Error: Your credentials are no longer valid. Please run firebase login --reauth

For CI servers and headless environments, generate a new token with firebase login:ci
[debug] [2026-03-17T19:41:46.937Z] Error: EPERM: operation not permitted, open 'C:\Users\HP\.config\configstore\firebase-tools.json.1632622617'
    at Object.openSync (node:fs:560:18)
    at writeFile.writeFileSync [as sync] (C:\Users\HP\AppData\Roaming\npm\node_modules\firebase-tools\node_modules\write-file-atomic\index.js:205:13)
    at set all (C:\Users\HP\AppData\Roaming\npm\node_modules\firebase-tools\node_modules\configstore\index.js:61:20)
    at Configstore.delete (C:\Users\HP\AppData\Roaming\npm\node_modules\firebase-tools\node_modules\configstore\index.js:101:12)
    at process.<anonymous> (C:\Users\HP\AppData\Roaming\npm\node_modules\firebase-tools\lib\bin\cli.js:65:45)
    at process.emit (node:events:520:35)
    at process.exit (node:internal/process/per_thread:236:15)
    at Timeout._onTimeout (C:\Users\HP\AppData\Roaming\npm\node_modules\firebase-tools\lib\errorOut.js:20:17)
    at listOnTimeout (node:internal/timers:605:17)
    at process.processTimers (node:internal/timers:541:7)
[error] 
[error] Error: An unexpected error has occurred.
[debug] [2026-03-17T19:43:00.553Z] ----------------------------------------------------------------------
[debug] [2026-03-17T19:43:00.557Z] Command:       C:\Program Files\nodejs\node.exe C:\Users\HP\AppData\Roaming\npm\node_modules\firebase-tools\lib\bin\firebase.js login --reauth
[debug] [2026-03-17T19:43:00.558Z] CLI Version:   15.10.0
[debug] [2026-03-17T19:43:00.558Z] Platform:      win32
[debug] [2026-03-17T19:43:00.558Z] Node Version:  v24.14.0
[debug] [2026-03-17T19:43:00.559Z] Time:          Tue Mar 17 2026 22:43:00 GMT+0300 (East Africa Time)
[debug] [2026-03-17T19:43:00.559Z] ----------------------------------------------------------------------
[debug] 
[debug] [2026-03-17T19:43:00.564Z] >>> [apiv2][query] GET https://firebase-public.firebaseio.com/cli.json [none]
[error] 
[error] Error: Cannot run login in non-interactive mode. See login:ci to generate a token for use in non-interactive environments.
[debug] [2026-03-17T19:46:46.246Z] ----------------------------------------------------------------------
[debug] [2026-03-17T19:46:46.252Z] Command:       C:\Program Files\nodejs\node.exe C:\Users\HP\AppData\Roaming\npm\node_modules\firebase-tools\lib\bin\firebase.js deploy --only firestore:rules --project jobseekafrica
[debug] [2026-03-17T19:46:46.253Z] CLI Version:   15.10.0
[debug] [2026-03-17T19:46:46.253Z] Platform:      win32
[debug] [2026-03-17T19:46:46.253Z] Node Version:  v24.14.0
[debug] [2026-03-17T19:46:46.254Z] Time:          Tue Mar 17 2026 22:46:46 GMT+0300 (East Africa Time)
[debug] [2026-03-17T19:46:46.254Z] ----------------------------------------------------------------------
[debug] 
[debug] [2026-03-17T19:46:48.665Z] > command requires scopes: ["email","openid","https://www.googleapis.com/auth/cloudplatformprojects.readonly","https://www.googleapis.com/auth/firebase","https://www.googleapis.com/auth/cloud-platform"]
[debug] [2026-03-17T19:46:48.667Z] > authorizing via signed-in user (purinekaka70@gmail.com)
[debug] [2026-03-17T19:46:48.667Z] [iam] checking project jobseekafrica for permissions ["datastore.indexes.create","datastore.indexes.delete","datastore.indexes.list","datastore.indexes.update","firebase.projects.get"]
[debug] [2026-03-17T19:46:48.671Z] Checked if tokens are valid: true, expires at: 1773780266069
[debug] [2026-03-17T19:46:48.671Z] Checked if tokens are valid: true, expires at: 1773780266069
[debug] [2026-03-17T19:46:48.674Z] >>> [apiv2][query] POST https://cloudresourcemanager.googleapis.com/v1/projects/jobseekafrica:testIamPermissions [none]
[debug] [2026-03-17T19:46:48.674Z] >>> [apiv2][(partial)header] POST https://cloudresourcemanager.googleapis.com/v1/projects/jobseekafrica:testIamPermissions  x-goog-user-project=jobseekafrica
[debug] [2026-03-17T19:46:48.674Z] >>> [apiv2][body] POST https://cloudresourcemanager.googleapis.com/v1/projects/jobseekafrica:testIamPermissions {"permissions":["datastore.indexes.create","datastore.indexes.delete","datastore.indexes.list","datastore.indexes.update","firebase.projects.get"]}
[debug] [2026-03-17T19:46:50.470Z] <<< [apiv2][status] POST https://cloudresourcemanager.googleapis.com/v1/projects/jobseekafrica:testIamPermissions 200
[debug] [2026-03-17T19:46:50.471Z] <<< [apiv2][body] POST https://cloudresourcemanager.googleapis.com/v1/projects/jobseekafrica:testIamPermissions {"permissions":["datastore.indexes.create","datastore.indexes.delete","datastore.indexes.list","datastore.indexes.update","firebase.projects.get"]}
[info] 
[info] === Deploying to 'jobseekafrica'...
[info] 
[info] i  deploying firestore 
[info] i  firestore: ensuring required API firestore.googleapis.com is enabled... 
[info] i  firestore: ensuring required API firestore.googleapis.com is enabled... 
[debug] [2026-03-17T19:46:50.481Z] Checked if tokens are valid: true, expires at: 1773780266069
[debug] [2026-03-17T19:46:50.481Z] Checked if tokens are valid: true, expires at: 1773780266069
[debug] [2026-03-17T19:46:50.481Z] >>> [apiv2][query] GET https://firestore.googleapis.com/v1/projects/jobseekafrica/databases/(default) [none]
[debug] [2026-03-17T19:46:52.164Z] <<< [apiv2][status] GET https://firestore.googleapis.com/v1/projects/jobseekafrica/databases/(default) 200
[debug] [2026-03-17T19:46:52.165Z] <<< [apiv2][body] GET https://firestore.googleapis.com/v1/projects/jobseekafrica/databases/(default) {"name":"projects/jobseekafrica/databases/(default)","uid":"6bbcf887-103d-40ce-b408-43ab8f5752d0","createTime":"2026-03-13T17:07:30.930714Z","updateTime":"2026-03-13T17:07:30.930714Z","locationId":"nam5","type":"FIRESTORE_NATIVE","concurrencyMode":"PESSIMISTIC","versionRetentionPeriod":"3600s","earliestVersionTime":"2026-03-17T18:46:52.064213Z","appEngineIntegrationMode":"DISABLED","keyPrefix":"s","pointInTimeRecoveryEnablement":"POINT_IN_TIME_RECOVERY_DISABLED","deleteProtectionState":"DELETE_PROTECTION_DISABLED","databaseEdition":"STANDARD","freeTier":true,"realtimeUpdatesMode":"REALTIME_UPDATES_MODE_ENABLED","etag":"IOT3rMbZp5MDMMbcn8yunZMD"}
[info] i  firestore: reading indexes from firestore.indexes.json... 
[info] i  cloud.firestore: checking firestore.rules for compilation errors... 
[debug] [2026-03-17T19:46:52.172Z] Checked if tokens are valid: true, expires at: 1773780266069
[debug] [2026-03-17T19:46:52.172Z] Checked if tokens are valid: true, expires at: 1773780266069
[debug] [2026-03-17T19:46:52.173Z] >>> [apiv2][query] POST https://firebaserules.googleapis.com/v1/projects/jobseekafrica:test [none]
[debug] [2026-03-17T19:46:52.174Z] >>> [apiv2][body] POST https://firebaserules.googleapis.com/v1/projects/jobseekafrica:test [omitted]
[debug] [2026-03-17T19:46:53.393Z] <<< [apiv2][status] POST https://firebaserules.googleapis.com/v1/projects/jobseekafrica:test 200
[debug] [2026-03-17T19:46:53.393Z] <<< [apiv2][body] POST https://firebaserules.googleapis.com/v1/projects/jobseekafrica:test {}
[info] +  cloud.firestore: rules file firestore.rules compiled successfully 
[debug] [2026-03-17T19:46:53.398Z] Checked if tokens are valid: true, expires at: 1773780266069
[debug] [2026-03-17T19:46:53.398Z] Checked if tokens are valid: true, expires at: 1773780266069
[debug] [2026-03-17T19:46:53.400Z] >>> [apiv2][query] GET https://firebaserules.googleapis.com/v1/projects/jobseekafrica/releases pageSize=10&pageToken=
[debug] [2026-03-17T19:46:53.900Z] <<< [apiv2][status] GET https://firebaserules.googleapis.com/v1/projects/jobseekafrica/releases 200
[debug] [2026-03-17T19:46:53.900Z] <<< [apiv2][body] GET https://firebaserules.googleapis.com/v1/projects/jobseekafrica/releases {"releases":[{"name":"projects/jobseekafrica/releases/cloud.firestore","rulesetName":"projects/jobseekafrica/rulesets/74b6a699-b0c1-4bb9-a2f0-255624f039d6","createTime":"2026-03-13T17:07:36.216302Z","updateTime":"2026-03-16T13:50:34.847324Z"}]}
[debug] [2026-03-17T19:46:53.902Z] Checked if tokens are valid: true, expires at: 1773780266069
[debug] [2026-03-17T19:46:53.902Z] Checked if tokens are valid: true, expires at: 1773780266069
[debug] [2026-03-17T19:46:53.904Z] >>> [apiv2][query] GET https://firebaserules.googleapis.com/v1/projects/jobseekafrica/rulesets/74b6a699-b0c1-4bb9-a2f0-255624f039d6 [none]
[debug] [2026-03-17T19:46:54.725Z] <<< [apiv2][status] GET https://firebaserules.googleapis.com/v1/projects/jobseekafrica/rulesets/74b6a699-b0c1-4bb9-a2f0-255624f039d6 200
[debug] [2026-03-17T19:46:54.726Z] <<< [apiv2][body] GET https://firebaserules.googleapis.com/v1/projects/jobseekafrica/rulesets/74b6a699-b0c1-4bb9-a2f0-255624f039d6 [omitted]
[info] i  firestore: latest version of firestore.rules already up to date, skipping upload... 
[debug] [2026-03-17T19:46:54.731Z] [rules] releasing cloud.firestore/(default) with ruleset projects/jobseekafrica/rulesets/74b6a699-b0c1-4bb9-a2f0-255624f039d6
[debug] [2026-03-17T19:46:54.733Z] Checked if tokens are valid: true, expires at: 1773780266069
[debug] [2026-03-17T19:46:54.733Z] Checked if tokens are valid: true, expires at: 1773780266069
[debug] [2026-03-17T19:46:54.734Z] >>> [apiv2][query] PATCH https://firebaserules.googleapis.com/v1/projects/jobseekafrica/releases/cloud.firestore/(default) [none]
[debug] [2026-03-17T19:46:54.735Z] >>> [apiv2][body] PATCH https://firebaserules.googleapis.com/v1/projects/jobseekafrica/releases/cloud.firestore/(default) {"release":{"name":"projects/jobseekafrica/releases/cloud.firestore/(default)","rulesetName":"projects/jobseekafrica/rulesets/74b6a699-b0c1-4bb9-a2f0-255624f039d6"}}
[debug] [2026-03-17T19:46:55.657Z] <<< [apiv2][status] PATCH https://firebaserules.googleapis.com/v1/projects/jobseekafrica/releases/cloud.firestore/(default) 200
[debug] [2026-03-17T19:46:55.658Z] <<< [apiv2][body] PATCH https://firebaserules.googleapis.com/v1/projects/jobseekafrica/releases/cloud.firestore/(default) {"name":"projects/jobseekafrica/releases/cloud.firestore","rulesetName":"projects/jobseekafrica/rulesets/74b6a699-b0c1-4bb9-a2f0-255624f039d6","createTime":"2026-03-13T17:07:36.216302Z","updateTime":"2026-03-17T19:46:55.570700Z"}
[debug] [2026-03-17T19:46:55.659Z] [rules] updated release projects/jobseekafrica/releases/cloud.firestore
[info] +  firestore: released rules firestore.rules to cloud.firestore 
[info] 
[info] +  Deploy complete! 
[info] 
[info] Project Console: https://console.firebase.google.com/project/jobseekafrica/overview
